-----------------------------------------------------------
      name:  <unnamed>
       log:  /home/nacho/Dropbox/BKR/Nacho/Data_Appendix/RE
> Stud/Table1/monthlyresults.log
  log type:  text
 opened on:  24 Jun 2020, 16:00:35

. 
end of do-file

. do "/tmp/SD91839.000000"

. 
. reg Hsect lincome [aw=finlwt21]
(sum of wgt is 831,927,225.921)

      Source |       SS           df       MS      Number o
> f obs   =    44,709
-------------+----------------------------------   F(1, 447
> 07)     =   6394.94
       Model |  39.6580548         1  39.6580548   Prob > F
>         =    0.0000
    Residual |  277.249388    44,707  .006201476   R-square
> d       =    0.1251
-------------+----------------------------------   Adj R-sq
> uared   =    0.1251
       Total |  316.907442    44,708  .007088383   Root MSE
>         =    .07875

-----------------------------------------------------------
> -------------------
       Hsect |      Coef.   Std. Err.      t    P>|t|     [
> 95% Con                                                  
>        f. Interval]
-------------+---------------------------------------------
> -------------------
     lincome |   .0300816   .0003762    79.97   0.000     .
> 0293443                                                  
>            .0308189
       _cons |  -.0843772   .0040722   -20.72   0.000    -.
> 0923588                                                  
>           -.0763955
-----------------------------------------------------------
> -------------------

. reg Hsect lexpenditures [aw=finlwt21]
(sum of wgt is 836,973,464.808)

      Source |       SS           df       MS      Number o
> f obs   =    44,934
-------------+----------------------------------   F(1, 449
> 32)     =   9283.58
       Model |  54.6945591         1  54.6945591   Prob > F
>         =    0.0000
    Residual |  264.718538    44,932  .005891537   R-square
> d       =    0.1712
-------------+----------------------------------   Adj R-sq
> uared   =    0.1712
       Total |  319.413098    44,933  .007108653   Root MSE
>         =    .07676

-----------------------------------------------------------
> -------------------
       Hsect |      Coef.   Std. Err.      t    P>|t|     [
> 95% Con                                                  
>        f. Interval]
-------------+---------------------------------------------
> -------------------
lexpenditu~s |   .0503521   .0005226    96.35   0.000     .
> 0493278                                                  
>            .0513764
       _cons |   -.183603   .0044114   -41.62   0.000    -.
> 1922496                                                  
>           -.1749565
-----------------------------------------------------------
> -------------------

. reg Hsect highskill2 [aw=finlwt21]
(sum of wgt is 264,193,083.375)

      Source |       SS           df       MS      Number o
> f obs   =    14,037
-------------+----------------------------------   F(1, 140
> 35)     =   1185.93
       Model |  7.98271556         1  7.98271556   Prob > F
>         =    0.0000
    Residual |  94.4723367    14,035  .006731196   R-square
> d       =    0.0779
-------------+----------------------------------   Adj R-sq
> uared   =    0.0778
       Total |  102.455052    14,036  .007299448   Root MSE
>         =    .08204

-----------------------------------------------------------
> -------------------
       Hsect |      Coef.   Std. Err.      t    P>|t|     [
> 95% Con                                                  
>        f. Interval]
-------------+---------------------------------------------
> -------------------
  highskill2 |   .0488843   .0014195    34.44   0.000     .
> 0461019                                                  
>            .0516667
       _cons |   .2148435   .0008869   242.24   0.000     .
> 2131051                                                  
>            .2165819
-----------------------------------------------------------
> -------------------

. 
end of do-file

. do "/tmp/SD91839.000000"

. reg Hsect lincome [aw=finlwt21]
(sum of wgt is 831,927,225.921)

      Source |       SS           df       MS      Number o
> f obs   =    44,709
-------------+----------------------------------   F(1, 447
> 07)     =   6394.94
       Model |  39.6580548         1  39.6580548   Prob > F
>         =    0.0000
    Residual |  277.249388    44,707  .006201476   R-square
> d       =    0.1251
-------------+----------------------------------   Adj R-sq
> uared   =    0.1251
       Total |  316.907442    44,708  .007088383   Root MSE
>         =    .07875

-----------------------------------------------------------
> -------------------
       Hsect |      Coef.   Std. Err.      t    P>|t|     [
> 95% Con                                                  
>        f. Interval]
-------------+---------------------------------------------
> -------------------
     lincome |   .0300816   .0003762    79.97   0.000     .
> 0293443                                                  
>            .0308189
       _cons |  -.0843772   .0040722   -20.72   0.000    -.
> 0923588                                                  
>           -.0763955
-----------------------------------------------------------
> -------------------

. 
end of do-file

. do "/tmp/SD91839.000000"

. reg Hsect lincome [aw=finlwt21]
(sum of wgt is 831,927,225.921)

      Source |       SS           df       MS      Number of obs   =    44,709
-------------+----------------------------------   F(1, 44707)     =   6394.94
       Model |  39.6580548         1  39.6580548   Prob > F        =    0.0000
    Residual |  277.249388    44,707  .006201476   R-squared       =    0.1251
-------------+----------------------------------   Adj R-squared   =    0.1251
       Total |  316.907442    44,708  .007088383   Root MSE        =    .07875

------------------------------------------------------------------------------
       Hsect |      Coef.   Std. Err.      t    P>|t|     [95% Conf. Interval]
-------------+----------------------------------------------------------------
     lincome |   .0300816   .0003762    79.97   0.000     .0293443    .0308189
       _cons |  -.0843772   .0040722   -20.72   0.000    -.0923588   -.0763955
------------------------------------------------------------------------------

. 
end of do-file

. do "/tmp/SD91839.000000"

. reg Hsect lexpenditures [aw=finlwt21]
(sum of wgt is 836,973,464.808)

      Source |       SS           df       MS      Number of obs   =    44,934
-------------+----------------------------------   F(1, 44932)     =   9283.58
       Model |  54.6945591         1  54.6945591   Prob > F        =    0.0000
    Residual |  264.718538    44,932  .005891537   R-squared       =    0.1712
-------------+----------------------------------   Adj R-squared   =    0.1712
       Total |  319.413098    44,933  .007108653   Root MSE        =    .07676

-------------------------------------------------------------------------------
        Hsect |      Coef.   Std. Err.      t    P>|t|     [95% Conf. Interval]
--------------+----------------------------------------------------------------
lexpenditures |   .0503521   .0005226    96.35   0.000     .0493278    .0513764
        _cons |   -.183603   .0044114   -41.62   0.000    -.1922496   -.1749565
-------------------------------------------------------------------------------

. 
end of do-file

. do "/tmp/SD91839.000000"

. reg Hsect highskill2 [aw=finlwt21]
(sum of wgt is 264,193,083.375)

      Source |       SS           df       MS      Number of obs   =    14,037
-------------+----------------------------------   F(1, 14035)     =   1185.93
       Model |  7.98271556         1  7.98271556   Prob > F        =    0.0000
    Residual |  94.4723367    14,035  .006731196   R-squared       =    0.0779
-------------+----------------------------------   Adj R-squared   =    0.0778
       Total |  102.455052    14,036  .007299448   Root MSE        =    .08204

------------------------------------------------------------------------------
       Hsect |      Coef.   Std. Err.      t    P>|t|     [95% Conf. Interval]
-------------+----------------------------------------------------------------
  highskill2 |   .0488843   .0014195    34.44   0.000     .0461019    .0516667
       _cons |   .2148435   .0008869   242.24   0.000     .2131051    .2165819
------------------------------------------------------------------------------

. 
end of do-file

. do "/tmp/SD91839.000000"

. reg Hsect i.ref_mo age_ref age2 bls_urbn as_comp1 as_comp2 as_comp3 as_comp4 as_comp5 i.state sex_ref i.ref_race lincome [aw=finlwt21]
(sum of wgt is 720,014,899.92)

      Source |       SS           df       MS      Number of obs   =    39,432
-------------+----------------------------------   F(64, 39367)    =    125.91
       Model |  47.4931447        64  .742080385   Prob > F        =    0.0000
    Residual |  232.025469    39,367  .005893908   R-squared       =    0.1699
-------------+----------------------------------   Adj R-squared   =    0.1686
       Total |  279.518613    39,431  .007088804   Root MSE        =    .07677

------------------------------------------------------------------------------
       Hsect |      Coef.   Std. Err.      t    P>|t|     [95% Conf. Interval]
-------------+----------------------------------------------------------------
      ref_mo |
          2  |  -.0031292   .0017332    -1.81   0.071    -.0065263    .0002679
          3  |  -.0025926   .0018934    -1.37   0.171    -.0063037    .0011185
          4  |  -.0016277   .0018949    -0.86   0.390    -.0053417    .0020863
          5  |  -.0009941   .0018971    -0.52   0.600    -.0047125    .0027243
          6  |   .0002475   .0018913     0.13   0.896    -.0034596    .0039546
          7  |  -.0040498   .0018961    -2.14   0.033    -.0077662   -.0003334
          8  |  -.0020215   .0018985    -1.06   0.287    -.0057425    .0016995
          9  |  -.0020216   .0018938    -1.07   0.286    -.0057335    .0016903
         10  |  -.0035066   .0017369    -2.02   0.044     -.006911   -.0001022
         11  |  -.0045611   .0016323    -2.79   0.005    -.0077604   -.0013617
         12  |  -.0045815   .0015641    -2.93   0.003    -.0076473   -.0015157
             |
     age_ref |   .0040903   .0004942     8.28   0.000     .0031217    .0050589
        age2 |  -.0000423   6.20e-06    -6.82   0.000    -.0000544   -.0000301
    bls_urbn |   .0044594   .0054124     0.82   0.410    -.0061489    .0150678
    as_comp1 |  -.0037123   .0006217    -5.97   0.000    -.0049309   -.0024938
    as_comp2 |  -.0049244   .0006399    -7.70   0.000    -.0061785   -.0036702
    as_comp3 |  -.0011575   .0005793    -2.00   0.046    -.0022929    -.000022
    as_comp4 |  -.0021319   .0006002    -3.55   0.000    -.0033083   -.0009556
    as_comp5 |   .0146394   .0012243    11.96   0.000     .0122397    .0170391
             |
       state |
          2  |   .0000796   .0107164     0.01   0.994    -.0209248    .0210841
          4  |   -.010184    .003791    -2.69   0.007    -.0176145   -.0027535
          6  |  -.0236812   .0032723    -7.24   0.000    -.0300949   -.0172674
          8  |    .002814   .0043957     0.64   0.522    -.0058016    .0114296
          9  |    .000102   .0047098     0.02   0.983    -.0091294    .0093333
         10  |  -.0207852   .0070427    -2.95   0.003     -.034589   -.0069814
         11  |  -.0145208   .0073452    -1.98   0.048    -.0289176   -.0001239
         12  |  -.0129621   .0033692    -3.85   0.000    -.0195657   -.0063584
         13  |   .0003925   .0036892     0.11   0.915    -.0068383    .0076234
         15  |  -.0125534   .0074148    -1.69   0.090    -.0270867    .0019798
         16  |   .0265041   .0038561     6.87   0.000     .0189462    .0340621
         17  |  -.0024584   .0035628    -0.69   0.490    -.0094415    .0045247
         18  |    .017935   .0042403     4.23   0.000     .0096239     .026246
         20  |   .0218863   .0064281     3.40   0.001      .009287    .0344856
         21  |   .0025953   .0044926     0.58   0.563    -.0062102    .0114009
         22  |   .0096142   .0039316     2.45   0.014     .0019082    .0173203
         23  |   .0046985   .0057259     0.82   0.412    -.0065245    .0159215
         24  |    .000093   .0041296     0.02   0.982    -.0080012    .0081871
         25  |  -.0025937   .0039422    -0.66   0.511    -.0103205     .005133
         26  |   .0009561   .0039489     0.24   0.809    -.0067839    .0086961
         27  |   .0172714   .0043526     3.97   0.000     .0087402    .0258026
         29  |   .0126223   .0043651     2.89   0.004     .0040665    .0211781
         31  |   .0176291   .0046364     3.80   0.000     .0085416    .0267165
         32  |  -.0057673    .004055    -1.42   0.155    -.0137151    .0021806
         33  |  -.0016812   .0067848    -0.25   0.804    -.0149795    .0116172
         34  |  -.0086136   .0036677    -2.35   0.019    -.0158025   -.0014247
         36  |  -.0286419   .0034305    -8.35   0.000    -.0353658   -.0219181
         39  |  -.0087788   .0040078    -2.19   0.028    -.0166341   -.0009235
         41  |   .0057812   .0040931     1.41   0.158    -.0022414    .0138038
         42  |  -.0021729   .0034061    -0.64   0.524    -.0088488    .0045031
         45  |   .0166803   .0037709     4.42   0.000     .0092893    .0240712
         47  |   .0159038   .0042976     3.70   0.000     .0074804    .0243272
         48  |  -.0059869   .0032785    -1.83   0.068    -.0124129    .0004391
         49  |   .0413473   .0041258    10.02   0.000     .0332606    .0494339
         51  |   .0008794   .0036145     0.24   0.808    -.0062051    .0079639
         53  |   .0008293   .0041067     0.20   0.840    -.0072201    .0088786
         54  |   -.000118   .0217035    -0.01   0.996    -.0426574    .0424214
         55  |  -.0026807   .0037759    -0.71   0.478    -.0100816    .0047202
             |
     sex_ref |  -.0023222   .0008697    -2.67   0.008    -.0040269   -.0006175
             |
    ref_race |
          2  |  -.0080209   .0011922    -6.73   0.000    -.0103577   -.0056842
          3  |  -.0073911   .0052136    -1.42   0.156    -.0176098    .0028276
          4  |   .0043016    .001694     2.54   0.011     .0009814    .0076219
          5  |   .0206722   .0058183     3.55   0.000     .0092682    .0320763
          6  |  -.0053419   .0038613    -1.38   0.167    -.0129101    .0022263
             |
     lincome |   .0306819   .0004228    72.57   0.000     .0298532    .0315105
       _cons |  -.1703065   .0121254   -14.05   0.000    -.1940727   -.1465404
------------------------------------------------------------------------------

. reg Hsect i.ref_mo age_ref age2 bls_urbn as_comp1 as_comp2 as_comp3 as_comp4 as_comp5 i.state sex_ref i.ref_race lexpenditures [aw=finlwt21]
(sum of wgt is 724,331,267.73)

      Source |       SS           df       MS      Number of obs   =    39,630
-------------+----------------------------------   F(64, 39565)    =    177.19
       Model |  62.7424923        64  .980351442   Prob > F        =    0.0000
    Residual |  218.903695    39,565  .005532761   R-squared       =    0.2228
-------------+----------------------------------   Adj R-squared   =    0.2215
       Total |  281.646187    39,629  .007107073   Root MSE        =    .07438

-------------------------------------------------------------------------------
        Hsect |      Coef.   Std. Err.      t    P>|t|     [95% Conf. Interval]
--------------+----------------------------------------------------------------
       ref_mo |
           2  |  -.0028919   .0016751    -1.73   0.084    -.0061752    .0003914
           3  |  -.0030522   .0018296    -1.67   0.095    -.0066383    .0005339
           4  |  -.0019282   .0018309    -1.05   0.292    -.0055169    .0016604
           5  |   -.001914   .0018327    -1.04   0.296     -.005506    .0016781
           6  |  -.0008809   .0018271    -0.48   0.630    -.0044621    .0027002
           7  |  -.0048644   .0018313    -2.66   0.008    -.0084537   -.0012751
           8  |  -.0041688    .001836    -2.27   0.023    -.0077673   -.0005703
           9  |  -.0023981   .0018304    -1.31   0.190    -.0059857    .0011895
          10  |  -.0029737   .0016798    -1.77   0.077    -.0062661    .0003187
          11  |  -.0042479   .0015781    -2.69   0.007    -.0073411   -.0011547
          12  |  -.0081368    .001513    -5.38   0.000    -.0111023   -.0051714
              |
      age_ref |   .0040347   .0004771     8.46   0.000     .0030995    .0049699
         age2 |   -.000046   5.98e-06    -7.69   0.000    -.0000577   -.0000343
     bls_urbn |  -.0013021   .0052192    -0.25   0.803    -.0115319    .0089277
     as_comp1 |  -.0068595   .0006031   -11.37   0.000    -.0080416   -.0056775
     as_comp2 |  -.0078725   .0006216   -12.66   0.000    -.0090909   -.0066541
     as_comp3 |  -.0053976    .000563    -9.59   0.000     -.006501   -.0042942
     as_comp4 |  -.0059818   .0005828   -10.26   0.000     -.007124   -.0048395
     as_comp5 |   .0129049   .0011853    10.89   0.000     .0105818    .0152281
              |
        state |
           2  |  -.0054812   .0103882    -0.53   0.598    -.0258423    .0148799
           4  |  -.0066633   .0036753    -1.81   0.070     -.013867    .0005405
           6  |  -.0252754     .00317    -7.97   0.000    -.0314886   -.0190621
           8  |  -.0030058   .0042616    -0.71   0.481    -.0113587    .0053471
           9  |  -.0055736   .0045603    -1.22   0.222     -.014512    .0033647
          10  |  -.0231824   .0068269    -3.40   0.001    -.0365633   -.0098015
          11  |  -.0232164   .0071207    -3.26   0.001    -.0371731   -.0092597
          12  |  -.0132646    .003263    -4.07   0.000    -.0196603    -.006869
          13  |    .001081   .0035709     0.30   0.762     -.005918      .00808
          15  |   -.017698   .0071579    -2.47   0.013    -.0317277   -.0036682
          16  |   .0284521   .0037128     7.66   0.000     .0211749    .0357294
          17  |  -.0049796   .0034507    -1.44   0.149    -.0117432    .0017839
          18  |   .0256026   .0040867     6.26   0.000     .0175925    .0336126
          20  |   .0211434    .006231     3.39   0.001     .0089306    .0333563
          21  |   .0068635    .004355     1.58   0.115    -.0016723    .0153993
          22  |   .0052616   .0037976     1.39   0.166    -.0021818    .0127051
          23  |   .0013274   .0054963     0.24   0.809    -.0094456    .0121004
          24  |  -.0047542    .004004    -1.19   0.235    -.0126022    .0030937
          25  |   -.006021   .0038174    -1.58   0.115    -.0135032    .0014613
          26  |   .0030104   .0038281     0.79   0.432    -.0044927    .0105135
          27  |   .0165729    .004219     3.93   0.000     .0083035    .0248423
          29  |   .0159719   .0042314     3.77   0.000     .0076781    .0242656
          31  |    .018381   .0044942     4.09   0.000     .0095722    .0271898
          32  |  -.0114695   .0039303    -2.92   0.004    -.0191729   -.0037661
          33  |  -.0088577   .0065768    -1.35   0.178    -.0217483     .004033
          34  |  -.0110185   .0035545    -3.10   0.002    -.0179854   -.0040516
          36  |  -.0298504   .0033251    -8.98   0.000    -.0363677   -.0233332
          39  |  -.0030897   .0038858    -0.80   0.427    -.0107061    .0045266
          41  |   .0055018   .0039636     1.39   0.165     -.002267    .0132706
          42  |  -.0002219   .0032992    -0.07   0.946    -.0066884    .0062447
          45  |   .0160298   .0036547     4.39   0.000     .0088665    .0231931
          47  |   .0145531   .0041472     3.51   0.000     .0064246    .0226816
          48  |  -.0071618   .0031758    -2.26   0.024    -.0133864   -.0009372
          49  |   .0403804   .0039991    10.10   0.000      .032542    .0482188
          51  |   .0006608   .0035026     0.19   0.850    -.0062044     .007526
          53  |  -.0040775   .0039815    -1.02   0.306    -.0118813    .0037263
          54  |  -.0016978   .0210381    -0.08   0.936     -.042933    .0395375
          55  |   .0006037   .0036552     0.17   0.869    -.0065606    .0077679
              |
      sex_ref |  -.0032558   .0008396    -3.88   0.000    -.0049014   -.0016101
              |
     ref_race |
           2  |  -.0038244   .0011556    -3.31   0.001    -.0060894   -.0015595
           3  |  -.0108293   .0049469    -2.19   0.029    -.0205255   -.0011332
           4  |   .0060525     .00164     3.69   0.000      .002838     .009267
           5  |   .0138282   .0056398     2.45   0.014     .0027741    .0248823
           6  |  -.0039817   .0037423    -1.06   0.287    -.0113167    .0033534
              |
lexpenditures |   .0544086   .0005968    91.17   0.000     .0532389    .0555783
        _cons |  -.2717348   .0118727   -22.89   0.000    -.2950057    -.248464
-------------------------------------------------------------------------------

. 
. xi: ivreg Hsect i.ref_mo age_ref age2 bls_urbn as_comp1 as_comp2 as_comp3 as_comp4 as_comp5 i.state sex_ref i.ref_race i.popsize (lincome=high_edu)  [aw=finlwt21]
i.ref_mo          _Iref_mo_1-12       (naturally coded; _Iref_mo_1 omitted)
i.state           _Istate_1-55        (naturally coded; _Istate_1 omitted)
i.ref_race        _Iref_race_1-6      (naturally coded; _Iref_race_1 omitted)
i.popsize         _Ipopsize_1-5       (naturally coded; _Ipopsize_1 omitted)
(sum of wgt is 720,014,899.92)

Instrumental variables (2SLS) regression

      Source |       SS           df       MS      Number of obs   =    39,432
-------------+----------------------------------   F(67, 39364)    =     79.79
       Model |  30.0926856        67  .449144561   Prob > F        =    0.0000
    Residual |  249.425928    39,364  .006336397   R-squared       =    0.1077
-------------+----------------------------------   Adj R-squared   =    0.1061
       Total |  279.518613    39,431  .007088804   Root MSE        =     .0796

------------------------------------------------------------------------------
       Hsect |      Coef.   Std. Err.      t    P>|t|     [95% Conf. Interval]
-------------+----------------------------------------------------------------
     lincome |   .0540531   .0010322    52.37   0.000     .0520301    .0560762
  _Iref_mo_2 |  -.0032581   .0017971    -1.81   0.070    -.0067804    .0002643
  _Iref_mo_3 |  -.0026815   .0019632    -1.37   0.172    -.0065294    .0011665
  _Iref_mo_4 |  -.0016051   .0019647    -0.82   0.414    -.0054561    .0022458
  _Iref_mo_5 |  -.0010309   .0019671    -0.52   0.600    -.0048863    .0028246
  _Iref_mo_6 |   .0001756   .0019611     0.09   0.929    -.0036682    .0040193
  _Iref_mo_7 |  -.0043939   .0019661    -2.23   0.025    -.0082475   -.0005404
  _Iref_mo_8 |   -.002685   .0019686    -1.36   0.173    -.0065435    .0011736
  _Iref_mo_9 |  -.0026951   .0019638    -1.37   0.170    -.0065443     .001154
 _Iref_mo_10 |  -.0036907    .001801    -2.05   0.040    -.0072206   -.0001608
 _Iref_mo_11 |  -.0043824   .0016925    -2.59   0.010    -.0076997    -.001065
 _Iref_mo_12 |  -.0044487   .0016218    -2.74   0.006    -.0076275   -.0012699
     age_ref |   .0023012   .0005186     4.44   0.000     .0012848    .0033176
        age2 |  -.0000214   6.50e-06    -3.29   0.001    -.0000341   -8.65e-06
    bls_urbn |   .0114202   .0058208     1.96   0.050     .0000112    .0228291
    as_comp1 |  -.0097515   .0006895   -14.14   0.000    -.0111029   -.0084001
    as_comp2 |  -.0099517   .0006927   -14.37   0.000    -.0113095    -.008594
    as_comp3 |   -.001961   .0006016    -3.26   0.001    -.0031401   -.0007818
    as_comp4 |    -.00255   .0006227    -4.09   0.000    -.0037705   -.0013294
    as_comp5 |   .0129606   .0012717    10.19   0.000     .0104682    .0154531
   _Istate_2 |   .0062526   .0114683     0.55   0.586    -.0162256    .0287308
   _Istate_4 |   .0065681   .0048071     1.37   0.172     -.002854    .0159902
   _Istate_6 |  -.0041767   .0043305    -0.96   0.335    -.0126646    .0043112
   _Istate_8 |   .0165521   .0053689     3.08   0.002     .0060289    .0270753
   _Istate_9 |   .0166667   .0055923     2.98   0.003     .0057056    .0276277
  _Istate_10 |   -.005811   .0077937    -0.75   0.456    -.0210868    .0094648
  _Istate_11 |   .0052922   .0080859     0.65   0.513    -.0105564    .0211407
  _Istate_12 |   .0069886   .0044671     1.56   0.118    -.0017671    .0157442
  _Istate_13 |   .0160664   .0046668     3.44   0.001     .0069193    .0252134
  _Istate_15 |  -.0149646   .0076888    -1.95   0.052    -.0300348    .0001056
  _Istate_16 |   .0350738   .0049061     7.15   0.000     .0254578    .0446898
  _Istate_17 |   .0149389   .0045601     3.28   0.001      .006001    .0238768
  _Istate_18 |   .0349466   .0051954     6.73   0.000     .0247634    .0451297
  _Istate_20 |    .034036   .0072454     4.70   0.000     .0198349    .0482372
  _Istate_21 |   .0169696   .0054543     3.11   0.002     .0062791    .0276601
  _Istate_22 |    .019902   .0043567     4.57   0.000     .0113627    .0284413
  _Istate_23 |   .0194227   .0065724     2.96   0.003     .0065406    .0323048
  _Istate_24 |   .0073435   .0050382     1.46   0.145    -.0025315    .0172185
  _Istate_25 |   .0125408   .0049146     2.55   0.011     .0029081    .0221735
  _Istate_26 |   .0209524   .0049067     4.27   0.000     .0113352    .0305695
  _Istate_27 |   .0284938   .0053309     5.35   0.000     .0180452    .0389424
  _Istate_29 |   .0279212   .0053422     5.23   0.000     .0174504     .038392
  _Istate_31 |   .0280509   .0055867     5.02   0.000     .0171009     .039001
  _Istate_32 |   .0127693   .0050808     2.51   0.012     .0028107    .0227279
  _Istate_33 |   .0206539   .0075555     2.73   0.006     .0058448    .0354629
  _Istate_34 |   .0080853   .0046775     1.73   0.084    -.0010827    .0172532
  _Istate_36 |  -.0109449   .0042175    -2.60   0.009    -.0192113   -.0026785
  _Istate_39 |   .0074562   .0050017     1.49   0.136    -.0023472    .0172596
  _Istate_41 |   .0231002   .0050655     4.56   0.000     .0131717    .0330287
  _Istate_42 |   .0108456   .0044483     2.44   0.015     .0021268    .0195644
  _Istate_45 |   .0313124    .004842     6.47   0.000      .021822    .0408029
  _Istate_47 |   .0167807   .0044562     3.77   0.000     .0080464    .0255151
  _Istate_48 |   .0127778   .0041432     3.08   0.002      .004657    .0208986
  _Istate_49 |   .0509245   .0051345     9.92   0.000     .0408608    .0609883
  _Istate_51 |   .0123535   .0045968     2.69   0.007     .0033436    .0213633
  _Istate_53 |    .014332   .0051165     2.80   0.005     .0043035    .0243605
  _Istate_54 |   .0236231   .0226723     1.04   0.297    -.0208151    .0680614
  _Istate_55 |   .0071362    .004778     1.49   0.135    -.0022289    .0165012
     sex_ref |   .0009457   .0009113     1.04   0.299    -.0008403    .0027318
_Iref_race_2 |   .0000179   .0012766     0.01   0.989    -.0024842    .0025201
_Iref_race_3 |  -.0048425   .0054072    -0.90   0.370    -.0154407    .0057557
_Iref_race_4 |   .0028838   .0017651     1.63   0.102    -.0005759    .0063435
_Iref_race_5 |   .0229096   .0060336     3.80   0.000     .0110836    .0347357
_Iref_race_6 |   .0014586   .0040125     0.36   0.716     -.006406    .0093231
 _Ipopsize_2 |   .0048151   .0016642     2.89   0.004     .0015533    .0080769
 _Ipopsize_3 |   .0199171   .0027274     7.30   0.000     .0145713     .025263
 _Ipopsize_4 |   .0107962   .0014967     7.21   0.000     .0078626    .0137299
 _Ipopsize_5 |          0  (omitted)
       _cons |  -.4082903   .0158375   -25.78   0.000    -.4393321   -.3772485
------------------------------------------------------------------------------
Instrumented:  lincome
Instruments:   _Iref_mo_2 _Iref_mo_3 _Iref_mo_4 _Iref_mo_5 _Iref_mo_6
               _Iref_mo_7 _Iref_mo_8 _Iref_mo_9 _Iref_mo_10 _Iref_mo_11
               _Iref_mo_12 age_ref age2 bls_urbn as_comp1 as_comp2 as_comp3
               as_comp4 as_comp5 _Istate_2 _Istate_4 _Istate_6 _Istate_8
               _Istate_9 _Istate_10 _Istate_11 _Istate_12 _Istate_13
               _Istate_15 _Istate_16 _Istate_17 _Istate_18 _Istate_20
               _Istate_21 _Istate_22 _Istate_23 _Istate_24 _Istate_25
               _Istate_26 _Istate_27 _Istate_29 _Istate_31 _Istate_32
               _Istate_33 _Istate_34 _Istate_36 _Istate_39 _Istate_41
               _Istate_42 _Istate_45 _Istate_47 _Istate_48 _Istate_49
               _Istate_51 _Istate_53 _Istate_54 _Istate_55 sex_ref
               _Iref_race_2 _Iref_race_3 _Iref_race_4 _Iref_race_5
               _Iref_race_6 _Ipopsize_2 _Ipopsize_3 _Ipopsize_4 _Ipopsize_5
               high_edu
------------------------------------------------------------------------------

. xi: ivreg Hsect i.ref_mo age_ref age2 bls_urbn as_comp1 as_comp2 as_comp3 as_comp4 as_comp5 i.state sex_ref i.ref_race i.popsize (lexpenditures=high_edu) [aw=finl
> wt21]
i.ref_mo          _Iref_mo_1-12       (naturally coded; _Iref_mo_1 omitted)
i.state           _Istate_1-55        (naturally coded; _Istate_1 omitted)
i.ref_race        _Iref_race_1-6      (naturally coded; _Iref_race_1 omitted)
i.popsize         _Ipopsize_1-5       (naturally coded; _Ipopsize_1 omitted)
(sum of wgt is 724,331,267.73)

Instrumental variables (2SLS) regression

      Source |       SS           df       MS      Number of obs   =    39,630
-------------+----------------------------------   F(67, 39562)    =     87.18
       Model |  51.1003385        67   .76269162   Prob > F        =    0.0000
    Residual |  230.545849    39,562  .005827457   R-squared       =    0.1814
-------------+----------------------------------   Adj R-squared   =    0.1800
       Total |  281.646187    39,629  .007107073   Root MSE        =    .07634

-------------------------------------------------------------------------------
        Hsect |      Coef.   Std. Err.      t    P>|t|     [95% Conf. Interval]
--------------+----------------------------------------------------------------
lexpenditures |   .0831291   .0015277    54.41   0.000     .0801347    .0861235
   _Iref_mo_2 |  -.0028806   .0017192    -1.68   0.094    -.0062503     .000489
   _Iref_mo_3 |  -.0034149   .0018778    -1.82   0.069    -.0070955    .0002656
   _Iref_mo_4 |  -.0020626   .0018791    -1.10   0.272    -.0057457    .0016205
   _Iref_mo_5 |  -.0022428   .0018809    -1.19   0.233    -.0059294    .0014439
   _Iref_mo_6 |  -.0014738   .0018753    -0.79   0.432    -.0051495    .0022018
   _Iref_mo_7 |   -.005481   .0018796    -2.92   0.004    -.0091651   -.0017969
   _Iref_mo_8 |  -.0057835   .0018858    -3.07   0.002    -.0094796   -.0020874
   _Iref_mo_9 |  -.0031289   .0018788    -1.67   0.096    -.0068115    .0005536
  _Iref_mo_10 |  -.0027841    .001724    -1.61   0.106    -.0061631     .000595
  _Iref_mo_11 |  -.0039818   .0016197    -2.46   0.014    -.0071565   -.0008072
  _Iref_mo_12 |   -.009955   .0015552    -6.40   0.000    -.0130033   -.0069067
      age_ref |   .0029888    .000494     6.05   0.000     .0020206     .003957
         age2 |  -.0000363   6.18e-06    -5.87   0.000    -.0000484   -.0000242
     bls_urbn |  -.0042422   .0055428    -0.77   0.444    -.0151062    .0066218
     as_comp1 |  -.0126004   .0006816   -18.49   0.000    -.0139363   -.0112645
     as_comp2 |  -.0130232   .0006841   -19.04   0.000    -.0143641   -.0116823
     as_comp3 |  -.0082774   .0005934   -13.95   0.000    -.0094404   -.0071144
     as_comp4 |  -.0083062   .0006092   -13.64   0.000    -.0095003   -.0071122
     as_comp5 |   .0105588   .0012216     8.64   0.000     .0081645    .0129532
    _Istate_2 |  -.0083691   .0110065    -0.76   0.447     -.029942    .0132039
    _Istate_4 |   .0048302   .0046084     1.05   0.295    -.0042024    .0138629
    _Istate_6 |   -.007057   .0041489    -1.70   0.089    -.0151889    .0010749
    _Istate_8 |   .0040062   .0051494     0.78   0.437    -.0060867    .0140992
    _Istate_9 |   .0089432   .0053561     1.67   0.095    -.0015548    .0194413
   _Istate_10 |  -.0073909   .0074764    -0.99   0.323    -.0220447     .007263
   _Istate_11 |  -.0076405   .0077512    -0.99   0.324    -.0228329     .007552
   _Istate_12 |   -.000307   .0042713    -0.07   0.943    -.0086789    .0080649
   _Istate_13 |   .0159674   .0044702     3.57   0.000     .0072056    .0247292
   _Istate_15 |  -.0226768   .0073497    -3.09   0.002    -.0370824   -.0082713
   _Istate_16 |    .031202   .0046838     6.66   0.000     .0220217    .0403823
   _Istate_17 |   .0095409   .0043664     2.19   0.029     .0009827     .018099
   _Istate_18 |   .0384754   .0049654     7.75   0.000     .0287431    .0482076
   _Istate_20 |   .0298834   .0069499     4.30   0.000     .0162613    .0435054
   _Istate_21 |   .0195652    .005232     3.74   0.000     .0093103    .0298201
   _Istate_22 |   .0100052   .0041696     2.40   0.016     .0018326    .0181777
   _Istate_23 |   .0072802    .006249     1.17   0.244    -.0049679    .0195284
   _Istate_24 |   .0007996   .0048374     0.17   0.869    -.0086819     .010281
   _Istate_25 |   .0091819   .0047089     1.95   0.051    -.0000477    .0184115
   _Istate_26 |   .0221254    .004708     4.70   0.000     .0128977    .0313531
   _Istate_27 |   .0244943   .0051124     4.79   0.000     .0144739    .0345146
   _Istate_29 |    .028857   .0051239     5.63   0.000     .0188141       .0389
   _Istate_31 |   .0220401   .0053565     4.11   0.000     .0115412    .0325389
   _Istate_32 |  -.0011615   .0048632    -0.24   0.811    -.0106936    .0083706
   _Istate_33 |   .0096724   .0072399     1.34   0.182     -.004518    .0238627
   _Istate_34 |    .005826   .0044838     1.30   0.194    -.0029623    .0146143
   _Istate_36 |  -.0139316   .0040414    -3.45   0.001    -.0218527   -.0060104
   _Istate_39 |   .0106843      .0048     2.23   0.026     .0012761    .0200924
   _Istate_41 |   .0161051   .0048484     3.32   0.001     .0066022     .025608
   _Istate_42 |   .0090796   .0042632     2.13   0.033     .0007236    .0174357
   _Istate_45 |    .021646   .0046342     4.67   0.000     .0125629    .0307291
   _Istate_47 |   .0152777   .0042564     3.59   0.000     .0069351    .0236202
   _Istate_48 |   .0083142    .003967     2.10   0.036     .0005387    .0160897
   _Istate_49 |   .0426298   .0049232     8.66   0.000     .0329801    .0522794
   _Istate_51 |   .0089859   .0044069     2.04   0.041     .0003483    .0176234
   _Istate_53 |   .0031306   .0049067     0.64   0.523    -.0064867    .0127479
   _Istate_54 |    .020521   .0217517     0.94   0.345     -.022113    .0631549
   _Istate_55 |   .0072672    .004578     1.59   0.112    -.0017058    .0162402
      sex_ref |  -.0013634   .0008666    -1.57   0.116     -.003062    .0003352
 _Iref_race_2 |   .0046871   .0012473     3.76   0.000     .0022423    .0071319
 _Iref_race_3 |  -.0092036    .005078    -1.81   0.070    -.0191566    .0007493
 _Iref_race_4 |   .0071319   .0016896     4.22   0.000     .0038203    .0104436
 _Iref_race_5 |   .0114831   .0057891     1.98   0.047     .0001364    .0228298
 _Iref_race_6 |   .0019232   .0038501     0.50   0.617     -.005623    .0094695
  _Ipopsize_2 |   .0095264   .0016028     5.94   0.000     .0063849    .0126679
  _Ipopsize_3 |   .0203355   .0026146     7.78   0.000     .0152109    .0254602
  _Ipopsize_4 |   .0182377   .0014609    12.48   0.000     .0153744     .021101
  _Ipopsize_5 |          0  (omitted)
        _cons |  -.4967655   .0162947   -30.49   0.000    -.5287036   -.4648275
-------------------------------------------------------------------------------
Instrumented:  lexpenditures
Instruments:   _Iref_mo_2 _Iref_mo_3 _Iref_mo_4 _Iref_mo_5 _Iref_mo_6
               _Iref_mo_7 _Iref_mo_8 _Iref_mo_9 _Iref_mo_10 _Iref_mo_11
               _Iref_mo_12 age_ref age2 bls_urbn as_comp1 as_comp2 as_comp3
               as_comp4 as_comp5 _Istate_2 _Istate_4 _Istate_6 _Istate_8
               _Istate_9 _Istate_10 _Istate_11 _Istate_12 _Istate_13
               _Istate_15 _Istate_16 _Istate_17 _Istate_18 _Istate_20
               _Istate_21 _Istate_22 _Istate_23 _Istate_24 _Istate_25
               _Istate_26 _Istate_27 _Istate_29 _Istate_31 _Istate_32
               _Istate_33 _Istate_34 _Istate_36 _Istate_39 _Istate_41
               _Istate_42 _Istate_45 _Istate_47 _Istate_48 _Istate_49
               _Istate_51 _Istate_53 _Istate_54 _Istate_55 sex_ref
               _Iref_race_2 _Iref_race_3 _Iref_race_4 _Iref_race_5
               _Iref_race_6 _Ipopsize_2 _Ipopsize_3 _Ipopsize_4 _Ipopsize_5
               high_edu
-------------------------------------------------------------------------------

. 
. reg Hsect i.ref_mo age_ref age2 bls_urbn as_comp1 as_comp2 as_comp3 as_comp4 as_comp5 i.state sex_ref i.ref_race highskill2 [aw=finlwt21]
(sum of wgt is 224,210,626.404)

      Source |       SS           df       MS      Number of obs   =    12,168
-------------+----------------------------------   F(64, 12103)    =     33.89
       Model |   13.535477        64  .211491829   Prob > F        =    0.0000
    Residual |  75.5221127    12,103   .00623995   R-squared       =    0.1520
-------------+----------------------------------   Adj R-squared   =    0.1475
       Total |  89.0575898    12,167  .007319601   Root MSE        =    .07899

------------------------------------------------------------------------------
       Hsect |      Coef.   Std. Err.      t    P>|t|     [95% Conf. Interval]
-------------+----------------------------------------------------------------
      ref_mo |
          2  |  -.0016408   .0031989    -0.51   0.608    -.0079111    .0046296
          3  |  -.0023762    .003521    -0.67   0.500     -.009278    .0045255
          4  |  -.0030875   .0035309    -0.87   0.382    -.0100086    .0038335
          5  |  -.0031083   .0035194    -0.88   0.377    -.0100069    .0037903
          6  |   .0025386   .0035073     0.72   0.469    -.0043362    .0094135
          7  |  -.0041351   .0035092    -1.18   0.239    -.0110137    .0027435
          8  |  -.0012051   .0035035    -0.34   0.731    -.0080725    .0056624
          9  |  -.0008223   .0034871    -0.24   0.814    -.0076577     .006013
         10  |  -.0012334   .0032107    -0.38   0.701     -.007527    .0050602
         11  |  -.0038812    .003024    -1.28   0.199    -.0098088    .0020464
         12  |  -.0016439   .0028895    -0.57   0.569    -.0073077    .0040199
             |
     age_ref |   .0051654   .0009295     5.56   0.000     .0033436    .0069873
        age2 |   -.000051   .0000116    -4.39   0.000    -.0000737   -.0000282
    bls_urbn |   .0144604   .0086843     1.67   0.096    -.0025623    .0314831
    as_comp1 |   .0013059   .0011691     1.12   0.264    -.0009858    .0035976
    as_comp2 |   .0024897   .0012321     2.02   0.043     .0000746    .0049047
    as_comp3 |  -.0025256    .001068    -2.36   0.018     -.004619   -.0004321
    as_comp4 |   .0019822   .0011097     1.79   0.074     -.000193    .0041574
    as_comp5 |   .0114056   .0023152     4.93   0.000     .0068675    .0159438
             |
       state |
          2  |    .000656   .0233372     0.03   0.978    -.0450886    .0464007
          4  |  -.0222838   .0075515    -2.95   0.003     -.037086   -.0074817
          6  |  -.0192014   .0066967    -2.87   0.004    -.0323281   -.0060748
          8  |   .0067552   .0084914     0.80   0.426    -.0098892    .0233997
          9  |   -.012808   .0086803    -1.48   0.140    -.0298227    .0042067
         10  |  -.0583008   .0176295    -3.31   0.001    -.0928575   -.0237442
         11  |  -.0391587   .0134011    -2.92   0.003    -.0654271   -.0128903
         12  |  -.0429934   .0067145    -6.40   0.000    -.0561549    -.029832
         13  |   .0024645   .0076061     0.32   0.746    -.0124446    .0173737
         15  |  -.0230531   .0164883    -1.40   0.162    -.0553728    .0092666
         16  |   .0325484    .007799     4.17   0.000     .0172612    .0478357
         17  |  -.0060007   .0070291    -0.85   0.393    -.0197788    .0077774
         18  |   .0460807   .0083038     5.55   0.000     .0298039    .0623574
         20  |   .0099599   .0128521     0.77   0.438    -.0152321     .035152
         21  |  -.0117166   .0087383    -1.34   0.180    -.0288451    .0054119
         22  |   .0039848   .0079928     0.50   0.618    -.0116823    .0196519
         23  |  -.0264411   .0106976    -2.47   0.013      -.04741   -.0054721
         24  |   .0077965   .0079401     0.98   0.326    -.0077674    .0233605
         25  |  -.0064031    .007532    -0.85   0.395    -.0211669    .0083607
         26  |  -.0105613   .0077948    -1.35   0.175    -.0258404    .0047178
         27  |   .0114059   .0088752     1.29   0.199     -.005991    .0288028
         29  |   .0054405   .0088988     0.61   0.541    -.0120026    .0228837
         31  |    -.01553   .0097311    -1.60   0.111    -.0346046    .0035446
         32  |  -.0291142   .0079617    -3.66   0.000    -.0447203    -.013508
         33  |  -.0189108   .0127052    -1.49   0.137    -.0438151    .0059934
         34  |  -.0163759   .0073001    -2.24   0.025    -.0306853   -.0020665
         36  |  -.0322656   .0068225    -4.73   0.000    -.0456388   -.0188924
         39  |  -.0260247   .0077895    -3.34   0.001    -.0412934    -.010756
         41  |  -.0149785   .0081068    -1.85   0.065    -.0308691    .0009121
         42  |   .0029496   .0066879     0.44   0.659    -.0101598     .016059
         45  |    -.01509   .0073039    -2.07   0.039    -.0294069   -.0007731
         47  |   .0163468   .0087374     1.87   0.061    -.0007798    .0334735
         48  |  -.0104281   .0066348    -1.57   0.116    -.0234333    .0025772
         49  |   .0159392   .0084101     1.90   0.058     -.000546    .0324243
         51  |  -.0120654   .0071102    -1.70   0.090    -.0260024    .0018716
         53  |  -.0074209   .0078868    -0.94   0.347    -.0228803    .0080385
         54  |   .0671437   .0291704     2.30   0.021     .0099651    .1243223
         55  |  -.0209251   .0073933    -2.83   0.005    -.0354171   -.0064331
             |
     sex_ref |  -.0044517   .0016312    -2.73   0.006     -.007649   -.0012543
             |
    ref_race |
          2  |  -.0180861   .0021632    -8.36   0.000    -.0223262   -.0138459
          3  |   -.002956   .0106425    -0.28   0.781     -.023817    .0179049
          4  |  -.0098583    .003066    -3.22   0.001    -.0158681   -.0038485
          5  |   .0579605   .0130359     4.45   0.000     .0324081    .0835129
          6  |  -.0321004   .0084533    -3.80   0.000    -.0486702   -.0155307
             |
  highskill2 |   .0474221   .0015586    30.43   0.000     .0443669    .0504773
       _cons |   .0958642    .021048     4.55   0.000     .0546068    .1371215
------------------------------------------------------------------------------

. reg Hsect i.ref_mo age_ref age2 bls_urbn as_comp1 as_comp2 as_comp3 as_comp4 as_comp5 i.state sex_ref i.ref_race highskill1 [aw=finlwt21]
(sum of wgt is 724,331,267.73)

      Source |       SS           df       MS      Number of obs   =    39,630
-------------+----------------------------------   F(64, 39565)    =     51.25
       Model |  21.5604008        64  .336881262   Prob > F        =    0.0000
    Residual |  260.085786    39,565  .006573633   R-squared       =    0.0766
-------------+----------------------------------   Adj R-squared   =    0.0751
       Total |  281.646187    39,629  .007107073   Root MSE        =    .08108

------------------------------------------------------------------------------
       Hsect |      Coef.   Std. Err.      t    P>|t|     [95% Conf. Interval]
-------------+----------------------------------------------------------------
      ref_mo |
          2  |  -.0028808   .0018259    -1.58   0.115    -.0064596     .000698
          3  |   -.002446   .0019943    -1.23   0.220    -.0063549    .0014629
          4  |  -.0019158   .0019957    -0.96   0.337    -.0058275    .0019959
          5  |  -.0014533   .0019976    -0.73   0.467    -.0053687    .0024621
          6  |   .0001198   .0019915     0.06   0.952    -.0037837    .0040233
          7  |  -.0041195   .0019961    -2.06   0.039    -.0080318   -.0002071
          8  |  -.0017507    .002001    -0.87   0.382    -.0056727    .0021713
          9  |  -.0017199   .0019952    -0.86   0.389    -.0056305    .0021907
         10  |  -.0037488    .001831    -2.05   0.041    -.0073376     -.00016
         11  |  -.0050284   .0017202    -2.92   0.003       -.0084   -.0016568
         12  |  -.0048457   .0016487    -2.94   0.003    -.0080771   -.0016142
             |
     age_ref |   .0058416   .0005199    11.24   0.000     .0048226    .0068605
        age2 |  -.0000625   6.52e-06    -9.57   0.000    -.0000752   -.0000497
    bls_urbn |  -.0074136     .00569    -1.30   0.193    -.0185662     .003739
    as_comp1 |   .0043048   .0006436     6.69   0.000     .0030434    .0055663
    as_comp2 |   .0014684    .000668     2.20   0.028     .0001591    .0027778
    as_comp3 |  -.0001417   .0006107    -0.23   0.817    -.0013387    .0010553
    as_comp4 |  -.0011836    .000633    -1.87   0.062    -.0024243    .0000571
    as_comp5 |   .0150182   .0012926    11.62   0.000     .0124846    .0175518
             |
       state |
          2  |   .0041177   .0113227     0.36   0.716     -.018075    .0263104
          4  |  -.0171164   .0040046    -4.27   0.000    -.0249656   -.0092673
          6  |  -.0257221   .0034555    -7.44   0.000    -.0324949   -.0189493
          8  |   .0021314   .0046454     0.46   0.646    -.0069737    .0112365
          9  |   .0009145   .0049722     0.18   0.854    -.0088311    .0106601
         10  |  -.0156152   .0074408    -2.10   0.036    -.0301994    -.001031
         11  |  -.0234151   .0077678    -3.01   0.003    -.0386402   -.0081901
         12  |  -.0217291   .0035554    -6.11   0.000    -.0286977   -.0147605
         13  |   .0026855   .0038925     0.69   0.490    -.0049438    .0103148
         15  |  -.0086268   .0078017    -1.11   0.269    -.0239183    .0066646
         16  |   .0250819   .0040482     6.20   0.000     .0171473    .0330166
         17  |  -.0044508   .0037618    -1.18   0.237    -.0118241    .0029224
         18  |   .0138255   .0044521     3.11   0.002     .0050992    .0225517
         20  |   .0216532   .0067937     3.19   0.001     .0083374    .0349689
         21  |   .0014902   .0047476     0.31   0.754    -.0078152    .0107955
         22  |   .0079977   .0041394     1.93   0.053    -.0001156     .016111
         23  |  -.0027515   .0059911    -0.46   0.646    -.0144941    .0089912
         24  |    .007451   .0043642     1.71   0.088    -.0011031     .016005
         25  |  -.0006337   .0041632    -0.15   0.879    -.0087938    .0075263
         26  |  -.0043568   .0041729    -1.04   0.296    -.0125358    .0038222
         27  |   .0182356   .0046011     3.96   0.000     .0092174    .0272538
         29  |   .0104271   .0046129     2.26   0.024     .0013857    .0194685
         31  |   .0113893    .004902     2.32   0.020     .0017812    .0209974
         32  |  -.0110954   .0042842    -2.59   0.010    -.0194925   -.0026982
         33  |  -.0061269   .0071689    -0.85   0.393     -.020178    .0079243
         34  |  -.0075257   .0038756    -1.94   0.052     -.015122    .0000705
         36  |  -.0355271   .0036273    -9.79   0.000    -.0426366   -.0284175
         39  |  -.0134371   .0042348    -3.17   0.002    -.0217375   -.0051368
         41  |   -.003085   .0043218    -0.71   0.475    -.0115559    .0053859
         42  |  -.0041166   .0035965    -1.14   0.252    -.0111659    .0029327
         45  |   .0078175   .0039834     1.96   0.050     9.94e-06    .0156251
         47  |   .0135456   .0045205     3.00   0.003     .0046853    .0224058
         48  |  -.0112527   .0034614    -3.25   0.001    -.0180371   -.0044684
         49  |   .0380529   .0043607     8.73   0.000     .0295058    .0465999
         51  |   .0009753   .0038198     0.26   0.798    -.0065116    .0084623
         53  |   .0009733   .0043398     0.22   0.823    -.0075328    .0094794
         54  |  -.0018169   .0229321    -0.08   0.937    -.0467644    .0431306
         55  |  -.0052472   .0039881    -1.32   0.188    -.0130639    .0025695
             |
     sex_ref |  -.0063267   .0009144    -6.92   0.000    -.0081189   -.0045346
             |
    ref_race |
          2  |  -.0161205     .00125   -12.90   0.000    -.0185706   -.0136704
          3  |  -.0148644   .0053923    -2.76   0.006    -.0254334   -.0042953
          4  |    .002389   .0017992     1.33   0.184    -.0011376    .0059155
          5  |   .0179998   .0061473     2.93   0.003      .005951    .0300487
          6  |  -.0126172   .0040778    -3.09   0.002    -.0206097   -.0046247
             |
  highskill1 |    .029622   .0010951    27.05   0.000     .0274755    .0317685
       _cons |   .1268667   .0120616    10.52   0.000     .1032256    .1505077
------------------------------------------------------------------------------

. 
. 
. log close
      name:  <unnamed>
       log:  /home/nacho/Dropbox/BKR/Nacho/Data_Appendix/REStud/Table1/monthlyresults.log
  log type:  text
 closed on:  24 Jun 2020, 16:01:17
--------------------------------------------------------------------------------------------------------------------------------------------------------------------
