-----------------------------------------------------------
      name:  <unnamed>
       log:  /home/nacho/Dropbox/BKR/Nacho/Data_Appendix/RE
> Stud/Table1/MonthlyResultsDiary.log
  log type:  text
 opened on:  24 Jun 2020, 16:07:12

. *VA results monthly
. 
. reg Hsect lincome [aw=finlwt21]
(sum of wgt is 241,125,303.422)

      Source |       SS           df       MS      Number o
> f obs   =     6,899
-------------+----------------------------------   F(1, 689
> 7)      =     60.56
       Model |  .595985291         1  .595985291   Prob > F
>         =    0.0000
    Residual |  67.8728988     6,897  .009840931   R-square
> d       =    0.0087
-------------+----------------------------------   Adj R-sq
> uared   =    0.0086
       Total |  68.4688841     6,898  .009925904   Root MSE
>         =     .0992

-----------------------------------------------------------
> -------------------
       Hsect |      Coef.   Std. Err.      t    P>|t|     [
> 95% Con                                                  
>        f. Interval]
-------------+---------------------------------------------
> -------------------
     lincome |   .0100148   .0012869     7.78   0.000     .
> 0074921                                                  
>            .0125376
       _cons |   .0684976   .0140552     4.87   0.000     .
> 0409451                                                  
>            .0960501
-----------------------------------------------------------
> -------------------

. reg Hsect lexpenditures [aw=finlwt21]
(sum of wgt is 242,749,655.857)

      Source |       SS           df       MS      Number o
> f obs   =     6,940
-------------+----------------------------------   F(1, 693
> 8)      =    597.28
       Model |  5.44504197         1  5.44504197   Prob > F
>         =    0.0000
    Residual |  63.2496881     6,938  .009116415   R-square
> d       =    0.0793
-------------+----------------------------------   Adj R-sq
> uared   =    0.0791
       Total |    68.69473     6,939  .009899803   Root MSE
>         =    .09548

-----------------------------------------------------------
> -------------------
       Hsect |      Coef.   Std. Err.      t    P>|t|     [
> 95% Con                                                  
>        f. Interval]
-------------+---------------------------------------------
> -------------------
lexpenditu~s |   .0212051   .0008677    24.44   0.000     .
> 0195042                                                  
>             .022906
       _cons |   .0628636   .0048254    13.03   0.000     .
> 0534042                                                  
>            .0723229
-----------------------------------------------------------
> -------------------

. reg Hsect highskill2 [aw=finlwt21]
(sum of wgt is 75,303,888.944)

      Source |       SS           df       MS      Number o
> f obs   =     2,148
-------------+----------------------------------   F(1, 214
> 6)      =     20.06
       Model |  .166398113         1  .166398113   Prob > F
>         =    0.0000
    Residual |  17.7966875     2,146  .008292958   R-square
> d       =    0.0093
-------------+----------------------------------   Adj R-sq
> uared   =    0.0088
       Total |  17.9630856     2,147  .008366598   Root MSE
>         =    .09107

-----------------------------------------------------------
> -------------------
       Hsect |      Coef.   Std. Err.      t    P>|t|     [
> 95% Con                                                  
>        f. Interval]
-------------+---------------------------------------------
> -------------------
  highskill2 |   .0176492   .0039401     4.48   0.000     .
> 0099224                                                  
>             .025376
       _cons |   .1650734   .0026834    61.52   0.000     .
> 1598111                                                  
>            .1703358
-----------------------------------------------------------
> -------------------

. 
. reg Hsect i.expnmo age_ref age2 bls_urbn fam_size perslt1
> 8 persot64 i.state sex_ref  i.ref_race i.popsize lincome 
> [aw=finlwt21]
(sum of wgt is 201,144,051.929)
note: bls_urbn omitted because of collinearity

      Source |       SS           df       MS      Number o
> f obs   =     5,731
-------------+----------------------------------   F(64, 56
> 66)     =      2.68
       Model |  1.79947851        64  .028116852   Prob > F
>         =    0.0000
    Residual |  59.5485833     5,666   .01050981   R-square
> d       =    0.0293
-------------+----------------------------------   Adj R-sq
> uared   =    0.0184
       Total |  61.3480618     5,730  .010706468   Root MSE
>         =    .10252

-----------------------------------------------------------
> -------------------
       Hsect |      Coef.   Std. Err.      t    P>|t|     [
> 95% Con                                                  
>        f. Interval]
-------------+---------------------------------------------
> -------------------
      expnmo |
          2  |  -.0007732   .0067417    -0.11   0.909    -.
> 0139894                                                  
>            .0124431
          3  |   .0032531   .0064909     0.50   0.616    -.
> 0094716                                                  
>            .0159777
          4  |  -.0007966   .0065626    -0.12   0.903    -.
> 0136617                                                  
>            .0120686
          5  |   -.003716   .0066753    -0.56   0.578    -.
> 0168022                                                  
>            .0093701
          6  |  -.0120405    .006613    -1.82   0.069    -.
> 0250044                                                  
>            .0009234
          7  |   .0026883   .0065963     0.41   0.684    -.
> 0102429                                                  
>            .0156196
          8  |   .0007411   .0066081     0.11   0.911    -.
> 0122134                                                  
>            .0136956
          9  |  -.0021073   .0066474    -0.32   0.751    -.
> 0151388                                                  
>            .0109243
         10  |  -.0001077   .0065713    -0.02   0.987    -.
> 0129899                                                  
>            .0127745
         11  |  -.0081163   .0066194    -1.23   0.220    -.
> 0210929                                                  
>            .0048602
         12  |  -.0113844   .0066027    -1.72   0.085    -.
> 0243282                                                  
>            .0015594
             |
     age_ref |    .002386   .0017303     1.38   0.168    -.
> 0010061                                                  
>            .0057781
        age2 |  -.0000219   .0000217    -1.01   0.313    -.
> 0000646                                                  
>            .0000207
    bls_urbn |          0  (omitted)
    fam_size |  -.0039121   .0017939    -2.18   0.029    -.
> 0074287                                                  
>           -.0003954
    perslt18 |   .0040414   .0023065     1.75   0.080    -.
> 0004802                                                  
>             .008563
    persot64 |  -.0022561   .0063023    -0.36   0.720    -.
> 0146109                                                  
>            .0100988
             |
       state |
          2  |  -.0362196   .0361969    -1.00   0.317    -.
> 1071794                                                  
>            .0347402
          4  |  -.0328695   .0190356    -1.73   0.084    -.
> 0701864                                                  
>            .0044475
          6  |  -.0161702   .0170146    -0.95   0.342    -.
> 0495254                                                  
>             .017185
          8  |  -.0472816   .0198892    -2.38   0.017     -
> .086272                                                  
>           -.0082913
          9  |  -.0172223   .0200979    -0.86   0.392    -.
> 0566219                                                  
>            .0221772
         10  |  -.0320463   .0309982    -1.03   0.301    -.
> 0928147                                                  
>            .0287221
         11  |  -.0118565   .0455236    -0.26   0.795    -.
> 1011002                                                  
>            .0773872
         12  |  -.0104358   .0173548    -0.60   0.548    -.
> 0444579                                                  
>            .0235863
         13  |  -.0180058   .0182761    -0.99   0.325     -
> .053834                                                  
>            .0178224
         15  |  -.0180252   .0302926    -0.60   0.552    -.
> 0774102                                                  
>            .0413598
         16  |   -.019938   .0187344    -1.06   0.287    -.
> 0566646                                                  
>            .0167885
         17  |  -.0101388   .0174819    -0.58   0.562      
> -.04441                                                  
>            .0241323
         18  |  -.0357782    .019034    -1.88   0.060    -.
> 0730921                                                  
>            .0015356
         20  |  -.0091189   .0267155    -0.34   0.733    -.
> 0614914                                                  
>            .0432537
         21  |  -.0110407   .0212874    -0.52   0.604    -.
> 0527722                                                  
>            .0306908
         22  |  -.0153534    .016702    -0.92   0.358    -.
> 0480958                                                  
>             .017389
         23  |  -.0633665   .0296334    -2.14   0.033    -.
> 1214593                                                  
>           -.0052736
         24  |   .0047436   .0197335     0.24   0.810    -.
> 0339415                                                  
>            .0434287
         25  |  -.0054029   .0184495    -0.29   0.770     -
> .041571                                                  
>            .0307653
         26  |  -.0236711   .0187387    -1.26   0.207     -
> .060406                                                  
>            .0130639
         27  |  -.0255023   .0194269    -1.31   0.189    -.
> 0635865                                                  
>            .0125818
         29  |  -.0353758   .0202544    -1.75   0.081    -.
> 0750822                                                  
>            .0043306
         31  |   .0060576   .0225989     0.27   0.789    -.
> 0382449                                                  
>            .0503601
         32  |  -.0379217   .0190569    -1.99   0.047    -.
> 0752805                                                  
>           -.0005628
         33  |   .0233836   .0268949     0.87   0.385    -.
> 0293406                                                  
>            .0761079
         34  |  -.0144673   .0184147    -0.79   0.432    -.
> 0505672                                                  
>            .0216326
         36  |  -.0151639   .0167183    -0.91   0.364    -.
> 0479382                                                  
>            .0176105
         39  |  -.0217021   .0184723    -1.17   0.240    -.
> 0579149                                                  
>            .0145107
         41  |  -.0271798   .0186535    -1.46   0.145    -.
> 0637478                                                  
>            .0093881
         42  |  -.0141035   .0173406    -0.81   0.416    -.
> 0480977                                                  
>            .0198908
         45  |  -.0173481   .0183312    -0.95   0.344    -.
> 0532841                                                  
>             .018588
         47  |  -.0136059   .0176586    -0.77   0.441    -.
> 0482235                                                  
>            .0210116
         48  |  -.0183378   .0165038    -1.11   0.267    -.
> 0506916                                                  
>             .014016
         49  |  -.0117394   .0194479    -0.60   0.546    -.
> 0498647                                                  
>             .026386
         51  |  -.0284696   .0179524    -1.59   0.113    -.
> 0636631                                                  
>             .006724
         53  |   -.029013   .0191963    -1.51   0.131     -
> .066645                                                  
>            .0086191
         54  |  -.0645598   .0580753    -1.11   0.266    -.
> 1784097                                                  
>            .0492901
         55  |  -.0304363   .0182883    -1.66   0.096    -.
> 0662884                                                  
>            .0054157
             |
     sex_ref |  -8.05e-06   .0027907    -0.00   0.998    -.
> 0054789                                                  
>            .0054628
             |
    ref_race |
          2  |  -.0106543   .0042407    -2.51   0.012    -.
> 0189676                                                  
>           -.0023409
          3  |  -.0060069   .0244204    -0.25   0.806    -.
> 0538802                                                  
>            .0418665
          4  |  -.0115636   .0061352    -1.88   0.060     -
> .023591                                                  
>            .0004638
          5  |   .0118492   .0213491     0.56   0.579    -.
> 0300033                                                  
>            .0537016
          6  |   .0079579   .0130552     0.61   0.542    -.
> 0176353                                                  
>            .0335511
             |
     popsize |
          2  |   .0103067   .0054972     1.87   0.061    -.
> 0004698                                                  
>            .0210833
          3  |  -.0017487   .0087717    -0.20   0.842    -.
> 0189446                                                  
>            .0154471
          4  |   .0046796   .0048921     0.96   0.339    -.
> 0049109                                                  
>              .01427
             |
     lincome |   .0124772   .0015629     7.98   0.000     .
> 0094132                                                  
>            .0155411
       _cons |   .0150648   .0406469     0.37   0.711    -.
> 0646186                                                  
>            .0947481
-----------------------------------------------------------
> -------------------

. reg Hsect i.expnmo age_ref age2 bls_urbn fam_size perslt1
> 8 persot64 i.state sex_ref  i.ref_race i.popsize lexpendi
> tures [aw=finlwt21]
(sum of wgt is 202,589,317.509)
note: bls_urbn omitted because of collinearity

      Source |       SS           df       MS      Number o
> f obs   =     5,767
-------------+----------------------------------   F(64, 57
> 02)     =      7.76
       Model |  4.93202073        64  .077062824   Prob > F
>         =    0.0000
    Residual |  56.6254963     5,702  .009930813   R-square
> d       =    0.0801
-------------+----------------------------------   Adj R-sq
> uared   =    0.0698
       Total |  61.5575171     5,766  .010675948   Root MSE
>         =    .09965

-----------------------------------------------------------
> -------------------
       Hsect |      Coef.   Std. Err.      t    P>|t|     [
> 95% Con                                                  
>        f. Interval]
-------------+---------------------------------------------
> -------------------
      expnmo |
          2  |    .000354   .0065341     0.05   0.957    -.
> 0124552                                                  
>            .0131633
          3  |   .0031095   .0062788     0.50   0.620    -.
> 0091993                                                  
>            .0154183
          4  |   .0005511    .006353     0.09   0.931    -.
> 0119031                                                  
>            .0130053
          5  |  -.0000729   .0064765    -0.01   0.991    -.
> 0127693                                                  
>            .0126236
          6  |  -.0105325   .0064169    -1.64   0.101     -
> .023112                                                  
>            .0020471
          7  |   .0052523   .0063972     0.82   0.412    -.
> 0072886                                                  
>            .0177932
          8  |   1.62e-06   .0063803     0.00   1.000    -.
> 0125062                                                  
>            .0125095
          9  |  -.0014518   .0064283    -0.23   0.821    -.
> 0140538                                                  
>            .0111502
         10  |   .0033956    .006368     0.53   0.594    -.
> 0090881                                                  
>            .0158793
         11  |  -.0075205   .0064099    -1.17   0.241    -.
> 0200864                                                  
>            .0050453
         12  |  -.0142489   .0064035    -2.23   0.026    -.
> 0268022                                                  
>           -.0016956
             |
     age_ref |   .0018093   .0016747     1.08   0.280    -.
> 0014736                                                  
>            .0050923
        age2 |  -.0000149    .000021    -0.71   0.480    -.
> 0000561                                                  
>            .0000264
    bls_urbn |          0  (omitted)
    fam_size |  -.0050992   .0017088    -2.98   0.003    -.
> 0084491                                                  
>           -.0017494
    perslt18 |   .0039321   .0022164     1.77   0.076    -.
> 0004129                                                  
>            .0082772
    persot64 |   -.001303   .0060888    -0.21   0.831    -.
> 0132395                                                  
>            .0106334
             |
       state |
          2  |   -.040352   .0352004    -1.15   0.252    -.
> 1093582                                                  
>            .0286543
          4  |   -.034157   .0184362    -1.85   0.064    -.
> 0702989                                                  
>             .001985
          6  |  -.0203586   .0165282    -1.23   0.218    -.
> 0527602                                                  
>             .012043
          8  |  -.0377776   .0192796    -1.96   0.050    -.
> 0755729                                                  
>            .0000178
          9  |  -.0169399   .0194907    -0.87   0.385    -.
> 0551491                                                  
>            .0212694
         10  |  -.0342417   .0301435    -1.14   0.256    -.
> 0933344                                                  
>             .024851
         11  |  -.0237704   .0442747    -0.54   0.591    -.
> 1105655                                                  
>            .0630248
         12  |   -.008407   .0168603    -0.50   0.618    -.
> 0414596                                                  
>            .0246455
         13  |  -.0168977   .0176752    -0.96   0.339    -.
> 0515478                                                  
>            .0177525
         15  |  -.0300753   .0294644    -1.02   0.307    -.
> 0878368                                                  
>            .0276862
         16  |  -.0158501   .0182173    -0.87   0.384    -.
> 0515629                                                  
>            .0198626
         17  |  -.0122445   .0169793    -0.72   0.471    -.
> 0455303                                                  
>            .0210413
         18  |  -.0351492   .0184437    -1.91   0.057     -
> .071306                                                  
>            .0010075
         20  |  -.0158226   .0259789    -0.61   0.543    -.
> 0667511                                                  
>            .0351059
         21  |  -.0042274   .0207016    -0.20   0.838    -.
> 0448103                                                  
>            .0363556
         22  |  -.0173925   .0162259    -1.07   0.284    -.
> 0492014                                                  
>            .0144164
         23  |  -.0425501   .0288254    -1.48   0.140    -.
> 0990589                                                  
>            .0139587
         24  |   .0132399   .0191511     0.69   0.489    -.
> 0243035                                                  
>            .0507833
         25  |  -.0119046   .0179215    -0.66   0.507    -.
> 0470376                                                  
>            .0232284
         26  |  -.0199542   .0181876    -1.10   0.273    -.
> 0556088                                                  
>            .0157003
         27  |  -.0271833   .0188892    -1.44   0.150    -.
> 0642133                                                  
>            .0098466
         29  |  -.0327107   .0196932    -1.66   0.097    -.
> 0713169                                                  
>            .0058955
         31  |   .0067861   .0219744     0.31   0.757     -
> .036292                                                  
>            .0498642
         32  |  -.0342419   .0185263    -1.85   0.065    -.
> 0705604                                                  
>            .0020767
         33  |   .0173951   .0261507     0.67   0.506    -.
> 0338702                                                  
>            .0686603
         34  |  -.0171314   .0178888    -0.96   0.338    -.
> 0522004                                                  
>            .0179375
         36  |  -.0178948   .0162444    -1.10   0.271      
> -.04974                                                  
>            .0139504
         39  |  -.0191653   .0179607    -1.07   0.286     -
> .054375                                                  
>            .0160445
         41  |  -.0282006    .018113    -1.56   0.120    -.
> 0637091                                                  
>            .0073078
         42  |  -.0149276   .0168491    -0.89   0.376    -.
> 0479582                                                  
>             .018103
         45  |  -.0143477   .0177997    -0.81   0.420    -.
> 0492418                                                  
>            .0205465
         47  |  -.0121162   .0171612    -0.71   0.480    -.
> 0457587                                                  
>            .0215263
         48  |  -.0178212   .0160335    -1.11   0.266     -
> .049253                                                  
>            .0136106
         49  |   -.009988   .0189092    -0.53   0.597    -.
> 0470573                                                  
>            .0270813
         51  |  -.0235132   .0174586    -1.35   0.178    -.
> 0577386                                                  
>            .0107123
         53  |  -.0290901   .0186118    -1.56   0.118    -.
> 0655762                                                  
>            .0073961
         54  |  -.0232027   .0565238    -0.41   0.681    -.
> 1340109                                                  
>            .0876055
         55  |  -.0303072   .0177835    -1.70   0.088    -.
> 0651697                                                  
>            .0045552
             |
     sex_ref |  -.0007308   .0026991    -0.27   0.787     -
> .006022                                                  
>            .0045604
             |
    ref_race |
          2  |  -.0088458   .0040775    -2.17   0.030    -.
> 0168394                                                  
>           -.0008523
          3  |   .0007877   .0237414     0.03   0.974    -.
> 0457545                                                  
>              .04733
          4  |   -.004832   .0059662    -0.81   0.418    -.
> 0165279                                                  
>             .006864
          5  |   .0164754   .0207577     0.79   0.427    -.
> 0242176                                                  
>            .0571685
          6  |   .0072564   .0126949     0.57   0.568    -.
> 0176304                                                  
>            .0321433
             |
     popsize |
          2  |   .0095604   .0053146     1.80   0.072    -.
> 0008583                                                  
>             .019979
          3  |   .0024978   .0085273     0.29   0.770     -
> .014219                                                  
>            .0192145
          4  |   .0044363   .0047254     0.94   0.348    -.
> 0048273                                                  
>            .0136998
             |
lexpenditu~s |   .0223908   .0011445    19.56   0.000     .
> 0201471                                                  
>            .0246346
       _cons |   .0391704   .0370575     1.06   0.291    -.
> 0334764                                                  
>            .1118172
-----------------------------------------------------------
> -------------------

. 
. xi: ivreg Hsect i.expnmo age_ref age2 bls_urbn fam_size p
> erslt18 persot64 i.state sex_ref i.ref_race i.popsize (li
> ncome=high_edu)  [aw=finlwt21]
i.expnmo          _Iexpnmo_1-12       (naturally coded; _Ie
> xpnmo_1 omitted)
i.state           _Istate_1-55        (naturally coded; _Is
> tate_1 omitted)
i.ref_race        _Iref_race_1-6      (naturally coded; _Ir
> ef_race_1 omitted)
i.popsize         _Ipopsize_1-5       (naturally coded; _Ip
> opsize_1 omitted)
(sum of wgt is 201,144,051.929)

Instrumental variables (2SLS) regression

      Source |       SS           df       MS      Number o
> f obs   =     5,731
-------------+----------------------------------   F(64, 56
> 66)     =      2.31
       Model |  1.33695001        64  .020889844   Prob > F
>         =    0.0000
    Residual |  60.0111118     5,666  .010591442   R-square
> d       =    0.0218
-------------+----------------------------------   Adj R-sq
> uared   =    0.0107
       Total |  61.3480618     5,730  .010706468   Root MSE
>         =    .10291

-----------------------------------------------------------
> -------------------
       Hsect |      Coef.   Std. Err.      t    P>|t|     [
> 95% Con                                                  
>        f. Interval]
-------------+---------------------------------------------
> -------------------
     lincome |   .0228457   .0035677     6.40   0.000     .
> 0158517                                                  
>            .0298396
  _Iexpnmo_2 |   -.001999   .0067784    -0.29   0.768    -.
> 0152873                                                  
>            .0112893
  _Iexpnmo_3 |   .0025178     .00652     0.39   0.699    -.
> 0102639                                                  
>            .0152995
  _Iexpnmo_4 |  -.0018273   .0065957    -0.28   0.782    -.
> 0147574                                                  
>            .0111028
  _Iexpnmo_5 |  -.0032742   .0067026    -0.49   0.625    -.
> 0164137                                                  
>            .0098654
  _Iexpnmo_6 |  -.0116578   .0066396    -1.76   0.079     -
> .024674                                                  
>            .0013585
  _Iexpnmo_7 |   .0023036   .0066229     0.35   0.728    -.
> 0106799                                                  
>            .0152871
  _Iexpnmo_8 |  -.0006615   .0066479    -0.10   0.921    -.
> 0136939                                                  
>            .0123709
  _Iexpnmo_9 |  -.0021974   .0066733    -0.33   0.742    -.
> 0152795                                                  
>            .0108848
 _Iexpnmo_10 |    .000056   .0065969     0.01   0.993    -.
> 0128765                                                  
>            .0129885
 _Iexpnmo_11 |  -.0086667   .0066472    -1.30   0.192    -.
> 0216978                                                  
>            .0043644
 _Iexpnmo_12 |  -.0115301   .0066284    -1.74   0.082    -.
> 0245244                                                  
>            .0014641
     age_ref |   .0015688   .0017553     0.89   0.372    -.
> 0018723                                                  
>            .0050098
        age2 |  -.0000122    .000022    -0.56   0.579    -.
> 0000554                                                  
>             .000031
    bls_urbn |          0  (omitted)
    fam_size |  -.0065495   .0019767    -3.31   0.001    -.
> 0104245                                                  
>           -.0026745
    perslt18 |   .0062917   .0024176     2.60   0.009     .
> 0015522                                                  
>            .0110311
    persot64 |  -.0004951   .0063501    -0.08   0.938    -.
> 0129437                                                  
>            .0119535
   _Istate_2 |  -.0376614   .0363399    -1.04   0.300    -.
> 1089016                                                  
>            .0335788
   _Istate_4 |  -.0260921   .0192238    -1.36   0.175     -
> .063778                                                  
>            .0115939
   _Istate_6 |  -.0112516   .0171481    -0.66   0.512    -.
> 0448685                                                  
>            .0223652
   _Istate_8 |  -.0455786   .0199732    -2.28   0.023    -.
> 0847336                                                  
>           -.0064235
   _Istate_9 |  -.0150052   .0201874    -0.74   0.457    -.
> 0545803                                                  
>            .0245699
  _Istate_10 |  -.0343715   .0311267    -1.10   0.270    -.
> 0953917                                                  
>            .0266487
  _Istate_11 |  -.0135494   .0457031    -0.30   0.767    -.
> 1031449                                                  
>            .0760461
  _Istate_12 |  -.0068109   .0174581    -0.39   0.696    -.
> 0410354                                                  
>            .0274136
  _Istate_13 |  -.0117826   .0184475    -0.64   0.523    -.
> 0479467                                                  
>            .0243816
  _Istate_15 |  -.0174279   .0304105    -0.57   0.567    -.
> 0770442                                                  
>            .0421884
  _Istate_16 |  -.0195924   .0188073    -1.04   0.298    -.
> 0564619                                                  
>            .0172771
  _Istate_17 |  -.0061516   .0175928    -0.35   0.727    -.
> 0406402                                                  
>            .0283371
  _Istate_18 |  -.0307603   .0191706    -1.60   0.109    -.
> 0683419                                                  
>            .0068213
  _Istate_20 |  -.0077439   .0268224    -0.29   0.773     -
> .060326                                                  
>            .0448383
  _Istate_21 |  -.0082188   .0213877    -0.38   0.701    -.
> 0501469                                                  
>            .0337093
  _Istate_22 |  -.0103236   .0168387    -0.61   0.540    -.
> 0433339                                                  
>            .0226867
  _Istate_23 |  -.0524275   .0299397    -1.75   0.080    -.
> 1111208                                                  
>            .0062659
  _Istate_24 |   .0049332     .01981     0.25   0.803     -
> .033902                                                  
>            .0437684
  _Istate_25 |    .000208    .018602     0.01   0.991    -.
> 0362591                                                  
>            .0366751
  _Istate_26 |  -.0183381   .0188833    -0.97   0.332    -.
> 0553567                                                  
>            .0186805
  _Istate_27 |   -.024634   .0195041    -1.26   0.207    -.
> 0628694                                                  
>            .0136014
  _Istate_29 |  -.0330702   .0203454    -1.63   0.104     -
> .072955                                                  
>            .0068146
  _Istate_31 |   .0069627   .0226882     0.31   0.759    -.
> 0375149                                                  
>            .0514404
  _Istate_32 |  -.0341719   .0191658    -1.78   0.075    -.
> 0717443                                                  
>            .0034005
  _Istate_33 |   .0260331   .0270115     0.96   0.335    -.
> 0269198                                                  
>            .0789861
  _Istate_34 |  -.0088659   .0185669    -0.48   0.633    -.
> 0452642                                                  
>            .0275324
  _Istate_36 |  -.0107169   .0168393    -0.64   0.525    -.
> 0437284                                                  
>            .0222946
  _Istate_39 |  -.0191247    .018561    -1.03   0.303    -.
> 0555114                                                  
>             .017262
  _Istate_41 |  -.0224174   .0187835    -1.19   0.233    -.
> 0592403                                                  
>            .0144055
  _Istate_42 |  -.0098816   .0174567    -0.57   0.571    -.
> 0441033                                                  
>            .0243401
  _Istate_45 |  -.0135294     .01844    -0.73   0.463    -.
> 0496788                                                  
>            .0226201
  _Istate_47 |     -.0086   .0177944    -0.48   0.629    -.
> 0434838                                                  
>            .0262838
  _Istate_48 |  -.0130444   .0166484    -0.78   0.433    -.
> 0456816                                                  
>            .0195927
  _Istate_49 |   -.010378   .0195278    -0.53   0.595    -.
> 0486599                                                  
>             .027904
  _Istate_51 |  -.0259473   .0180388    -1.44   0.150    -.
> 0613102                                                  
>            .0094157
  _Istate_53 |  -.0268062   .0192827    -1.39   0.165    -.
> 0646077                                                  
>            .0109954
  _Istate_54 |  -.0597186   .0583196    -1.02   0.306    -.
> 1740475                                                  
>            .0546102
  _Istate_55 |  -.0306245   .0183593    -1.67   0.095    -.
> 0666157                                                  
>            .0053667
     sex_ref |    .001085   .0028218     0.38   0.701    -.
> 0044468                                                  
>            .0066169
_Iref_race_2 |  -.0062858    .004466    -1.41   0.159    -.
> 0150409                                                  
>            .0024693
_Iref_race_3 |  -.0090542   .0245331    -0.37   0.712    -.
> 0571486                                                  
>            .0390401
_Iref_race_4 |  -.0126769   .0061686    -2.06   0.040    -.
> 0247697                                                  
>           -.0005841
_Iref_race_5 |   .0159095   .0214686     0.74   0.459    -.
> 0261771                                                  
>            .0579961
_Iref_race_6 |    .008197    .013106     0.63   0.532    -.
> 0174958                                                  
>            .0338898
 _Ipopsize_2 |   .0129798     .00558     2.33   0.020     .
> 0020409                                                  
>            .0239186
 _Ipopsize_3 |    .000541   .0088341     0.06   0.951    -.
> 0167771                                                  
>            .0178591
 _Ipopsize_4 |   .0077731   .0050033     1.55   0.120    -.
> 0020352                                                  
>            .0175814
 _Ipopsize_5 |          0  (omitted)
       _cons |  -.0830163   .0508298    -1.63   0.102    -.
> 1826622                                                  
>            .0166295
-----------------------------------------------------------
> -------------------
Instrumented:  lincome
Instruments:   _Iexpnmo_2 _Iexpnmo_3 _Iexpnmo_4
               _Iexpnmo_5 _Iexpnmo_6 _Iexpnmo_7
               _Iexpnmo_8 _Iexpnmo_9 _Iexpnmo_10
               _Iexpnmo_11 _Iexpnmo_12 age_ref age2
               bls_urbn fam_size perslt18 persot64
               _Istate_2 _Istate_4 _Istate_6 _Istate_8
               _Istate_9 _Istate_10 _Istate_11 _Istate_12
               _Istate_13 _Istate_15 _Istate_16
               _Istate_17 _Istate_18 _Istate_20
               _Istate_21 _Istate_22 _Istate_23
               _Istate_24 _Istate_25 _Istate_26
               _Istate_27 _Istate_29 _Istate_31
               _Istate_32 _Istate_33 _Istate_34
               _Istate_36 _Istate_39 _Istate_41
               _Istate_42 _Istate_45 _Istate_47
               _Istate_48 _Istate_49 _Istate_51
               _Istate_53 _Istate_54 _Istate_55 sex_ref
               _Iref_race_2 _Iref_race_3 _Iref_race_4
               _Iref_race_5 _Iref_race_6 _Ipopsize_2
               _Ipopsize_3 _Ipopsize_4 _Ipopsize_5
               high_edu
-----------------------------------------------------------

. xi: ivreg Hsect i.expnmo age_ref age2 bls_urbn fam_size p
> erslt18 persot64 i.state sex_ref  i.ref_race i.popsize (l
> expenditures=high_edu) [aw=finlwt21]
i.expnmo          _Iexpnmo_1-12       (naturally coded; _Ie
> xpnmo_1 omitted)
i.state           _Istate_1-55        (naturally coded; _Is
> tate_1 omitted)
i.ref_race        _Iref_race_1-6      (naturally coded; _Ir
> ef_race_1 omitted)
i.popsize         _Ipopsize_1-5       (naturally coded; _Ip
> opsize_1 omitted)
(sum of wgt is 202,589,317.509)

Instrumental variables (2SLS) regression

      Source |       SS           df       MS      Number o
> f obs   =     5,767
-------------+----------------------------------   F(64, 57
> 02)     =      2.27
       Model |  .019673113        64  .000307392   Prob > F
>         =    0.0000
    Residual |   61.537844     5,702  .010792326   R-square
> d       =    0.0003
-------------+----------------------------------   Adj R-sq
> uared   =   -0.0109
       Total |  61.5575171     5,766  .010675948   Root MSE
>         =    .10389

-----------------------------------------------------------
> -------------------
       Hsect |      Coef.   Std. Err.      t    P>|t|     [
> 95% Con                                                  
>        f. Interval]
-------------+---------------------------------------------
> -------------------
lexpenditu~s |   .0478466   .0075494     6.34   0.000     .
> 0330469                                                  
>            .0626463
  _Iexpnmo_2 |  -.0007599   .0068194    -0.11   0.911    -.
> 0141285                                                  
>            .0126088
  _Iexpnmo_3 |   .0021039   .0065521     0.32   0.748    -.
> 0107406                                                  
>            .0149485
  _Iexpnmo_4 |   .0004285   .0066229     0.06   0.948    -.
> 0125549                                                  
>            .0134119
  _Iexpnmo_5 |   .0043931   .0068771     0.64   0.523    -.
> 0090887                                                  
>            .0178748
  _Iexpnmo_6 |  -.0087177   .0067105    -1.30   0.194    -.
> 0218729                                                  
>            .0044375
  _Iexpnmo_7 |   .0069232   .0066868     1.04   0.301    -.
> 0061855                                                  
>            .0200319
  _Iexpnmo_8 |  -.0028971   .0067053    -0.43   0.666     -
> .016042                                                  
>            .0102478
  _Iexpnmo_9 |  -.0009993   .0067027    -0.15   0.881    -.
> 0141391                                                  
>            .0121405
 _Iexpnmo_10 |   .0064088   .0066969     0.96   0.339    -.
> 0067196                                                  
>            .0195372
 _Iexpnmo_11 |  -.0077212   .0066824    -1.16   0.248    -.
> 0208213                                                  
>            .0053789
 _Iexpnmo_12 |  -.0179814   .0067644    -2.66   0.008    -.
> 0312421                                                  
>           -.0047207
     age_ref |   .0001899   .0018091     0.10   0.916    -.
> 0033566                                                  
>            .0037363
        age2 |   4.42e-06   .0000227     0.20   0.845      
> -.00004                                                  
>            .0000488
    bls_urbn |          0  (omitted)
    fam_size |  -.0098273   .0022562    -4.36   0.000    -.
> 0142503                                                  
>           -.0054044
    perslt18 |   .0065312   .0024327     2.68   0.007     .
> 0017622                                                  
>            .0113002
    persot64 |   .0008965   .0063801     0.14   0.888    -.
> 0116108                                                  
>            .0134039
   _Istate_2 |  -.0465853   .0367409    -1.27   0.205    -.
> 1186115                                                  
>            .0254408
   _Istate_4 |   -.028993   .0192787    -1.50   0.133    -.
> 0667865                                                  
>            .0088005
   _Istate_6 |  -.0179659   .0172445    -1.04   0.298    -.
> 0517716                                                  
>            .0158399
   _Istate_8 |  -.0258053    .020402    -1.26   0.206    -.
> 0658009                                                  
>            .0141904
   _Istate_9 |  -.0127094   .0203563    -0.62   0.532    -.
> 0526155                                                  
>            .0271967
  _Istate_10 |  -.0397361   .0314649    -1.26   0.207    -.
> 1014193                                                  
>            .0219472
  _Istate_11 |  -.0396857   .0463899    -0.86   0.392    -.
> 1306275                                                  
>            .0512561
  _Istate_12 |  -.0006944   .0177209    -0.04   0.969    -.
> 0354341                                                  
>            .0340453
  _Istate_13 |  -.0047845   .0187643    -0.25   0.799    -.
> 0415697                                                  
>            .0320007
  _Istate_15 |  -.0427293   .0309386    -1.38   0.167    -.
> 1033808                                                  
>            .0179222
  _Istate_16 |  -.0104072   .0190578    -0.55   0.585    -.
> 0477677                                                  
>            .0269533
  _Istate_17 |  -.0079721   .0177446    -0.45   0.653    -.
> 0427583                                                  
>             .026814
  _Istate_18 |  -.0266926   .0193859    -1.38   0.169    -.
> 0646965                                                  
>            .0113112
  _Istate_20 |  -.0213966   .0271315    -0.79   0.430    -.
> 0745846                                                  
>            .0317914
  _Istate_21 |   .0075694   .0218556     0.35   0.729    -.
> 0352759                                                  
>            .0504147
  _Istate_22 |  -.0126801   .0169713    -0.75   0.455    -.
> 0459502                                                  
>              .02059
  _Istate_23 |  -.0035931   .0321424    -0.11   0.911    -.
> 0666045                                                  
>            .0594183
  _Istate_24 |   .0218637   .0201236     1.09   0.277    -.
> 0175862                                                  
>            .0613135
  _Istate_25 |  -.0114366   .0186832    -0.61   0.540    -.
> 0480628                                                  
>            .0251896
  _Istate_26 |  -.0079616   .0192826    -0.41   0.680    -.
> 0457627                                                  
>            .0298396
  _Istate_27 |  -.0276582    .019692    -1.40   0.160    -.
> 0662619                                                  
>            .0109455
  _Istate_29 |  -.0263666   .0206136    -1.28   0.201     -
> .066777                                                  
>            .0140438
  _Istate_31 |   .0092125   .0229187     0.40   0.688    -.
> 0357169                                                  
>            .0541419
  _Istate_32 |  -.0245093   .0195223    -1.26   0.209    -.
> 0627805                                                  
>            .0137618
  _Istate_33 |   .0145435   .0272742     0.53   0.594    -.
> 0389242                                                  
>            .0680113
  _Istate_34 |  -.0123301   .0187016    -0.66   0.510    -.
> 0489923                                                  
>            .0243321
  _Istate_36 |  -.0146161   .0169616    -0.86   0.389    -.
> 0478672                                                  
>            .0186351
  _Istate_39 |  -.0124806   .0188256    -0.66   0.507    -.
> 0493859                                                  
>            .0244247
  _Istate_41 |  -.0222672   .0189621    -1.17   0.240    -.
> 0594402                                                  
>            .0149058
  _Istate_42 |  -.0094414   .0176381    -0.54   0.592    -.
> 0440187                                                  
>            .0251359
  _Istate_45 |  -.0046027   .0187739    -0.25   0.806    -.
> 0414066                                                  
>            .0322012
  _Istate_47 |  -.0036243   .0180621    -0.20   0.841    -.
> 0390329                                                  
>            .0317843
  _Istate_48 |  -.0102764   .0168599    -0.61   0.542    -.
> 0433283                                                  
>            .0227754
  _Istate_49 |  -.0055115   .0197559    -0.28   0.780    -.
> 0442407                                                  
>            .0332176
  _Istate_51 |  -.0141227   .0184067    -0.77   0.443    -.
> 0502068                                                  
>            .0219614
  _Istate_53 |  -.0253394   .0194333    -1.30   0.192    -.
> 0634362                                                  
>            .0127573
  _Istate_54 |   .0303632   .0609768     0.50   0.619    -.
> 0891745                                                  
>            .1499009
  _Istate_55 |  -.0301032    .018539    -1.62   0.104    -.
> 0664466                                                  
>            .0062402
     sex_ref |  -.0007452   .0028137    -0.26   0.791    -.
> 0062611                                                  
>            .0047708
_Iref_race_2 |  -.0005253   .0048996    -0.11   0.915    -.
> 0101303                                                  
>            .0090797
_Iref_race_3 |   .0041106   .0247689     0.17   0.868     -
> .044446                                                  
>            .0526671
_Iref_race_4 |   .0011836   .0064643     0.18   0.855    -.
> 0114888                                                  
>            .0138559
_Iref_race_5 |   .0276456   .0218852     1.26   0.207    -.
> 0152577                                                  
>             .070549
_Iref_race_6 |   .0066991   .0132351     0.51   0.613    -.
> 0192468                                                  
>             .032645
 _Ipopsize_2 |   .0123176   .0055989     2.20   0.028     .
> 0013417                                                  
>            .0232935
 _Ipopsize_3 |   .0105176   .0091945     1.14   0.253    -.
> 0075071                                                  
>            .0285423
 _Ipopsize_4 |   .0081242   .0050431     1.61   0.107    -.
> 0017622                                                  
>            .0180105
 _Ipopsize_5 |          0  (omitted)
       _cons |  -.0693894   .0500305    -1.39   0.166    -.
> 1674682                                                  
>            .0286893
-----------------------------------------------------------
> -------------------
Instrumented:  lexpenditures
Instruments:   _Iexpnmo_2 _Iexpnmo_3 _Iexpnmo_4
               _Iexpnmo_5 _Iexpnmo_6 _Iexpnmo_7
               _Iexpnmo_8 _Iexpnmo_9 _Iexpnmo_10
               _Iexpnmo_11 _Iexpnmo_12 age_ref age2
               bls_urbn fam_size perslt18 persot64
               _Istate_2 _Istate_4 _Istate_6 _Istate_8
               _Istate_9 _Istate_10 _Istate_11 _Istate_12
               _Istate_13 _Istate_15 _Istate_16
               _Istate_17 _Istate_18 _Istate_20
               _Istate_21 _Istate_22 _Istate_23
               _Istate_24 _Istate_25 _Istate_26
               _Istate_27 _Istate_29 _Istate_31
               _Istate_32 _Istate_33 _Istate_34
               _Istate_36 _Istate_39 _Istate_41
               _Istate_42 _Istate_45 _Istate_47
               _Istate_48 _Istate_49 _Istate_51
               _Istate_53 _Istate_54 _Istate_55 sex_ref
               _Iref_race_2 _Iref_race_3 _Iref_race_4
               _Iref_race_5 _Iref_race_6 _Ipopsize_2
               _Ipopsize_3 _Ipopsize_4 _Ipopsize_5
               high_edu
-----------------------------------------------------------

. 
. reg Hsect i.expnmo age_ref age2 bls_urbn fam_size perslt1
> 8 persot64 i.state sex_ref  i.ref_race i.popsize highskil
> l2 [aw=finlwt21]
(sum of wgt is 61,538,263.494)
note: bls_urbn omitted because of collinearity

      Source |       SS           df       MS      Number o
> f obs   =     1,751
-------------+----------------------------------   F(63, 16
> 87)     =      1.79
       Model |  .977404439        63  .015514356   Prob > F
>         =    0.0002
    Residual |   14.648209     1,687  .008682993   R-square
> d       =    0.0626
-------------+----------------------------------   Adj R-sq
> uared   =    0.0275
       Total |  15.6256135     1,750  .008928922   Root MSE
>         =    .09318

-----------------------------------------------------------
> -------------------
       Hsect |      Coef.   Std. Err.      t    P>|t|     [
> 95% Con                                                  
>        f. Interval]
-------------+---------------------------------------------
> -------------------
      expnmo |
          2  |   .0087541   .0113525     0.77   0.441    -.
> 0135124                                                  
>            .0310206
          3  |   .0119637    .011152     1.07   0.284    -.
> 0099095                                                  
>            .0338369
          4  |   .0215376   .0116352     1.85   0.064    -.
> 0012833                                                  
>            .0443585
          5  |    .007228    .011314     0.64   0.523     -
> .014963                                                  
>            .0294191
          6  |   .0123292    .010895     1.13   0.258    -.
> 0090399                                                  
>            .0336984
          7  |   .0145624   .0104971     1.39   0.166    -.
> 0060263                                                  
>            .0351511
          8  |   .0157612   .0110693     1.42   0.155    -.
> 0059497                                                  
>            .0374721
          9  |   .0224257   .0114217     1.96   0.050     .
> 0000236                                                  
>            .0448278
         10  |   .0160167   .0114312     1.40   0.161    -.
> 0064041                                                  
>            .0384375
         11  |   .0051321   .0108159     0.47   0.635    -.
> 0160819                                                  
>            .0263461
         12  |   .0034975   .0106644     0.33   0.743    -.
> 0174193                                                  
>            .0244143
             |
     age_ref |   .0017663   .0029542     0.60   0.550     -
> .004028                                                  
>            .0075606
        age2 |  -9.69e-06   .0000368    -0.26   0.792    -.
> 0000819                                                  
>            .0000625
    bls_urbn |          0  (omitted)
    fam_size |  -.0036069   .0031823    -1.13   0.257    -.
> 0098485                                                  
>            .0026347
    perslt18 |    .003627    .004319     0.84   0.401    -.
> 0048441                                                  
>            .0120982
    persot64 |  -.0030593   .0101815    -0.30   0.764    -.
> 0230289                                                  
>            .0169104
             |
       state |
          2  |  -.0275869   .0565735    -0.49   0.626    -.
> 1385486                                                  
>            .0833747
          4  |  -.0267971   .0336674    -0.80   0.426    -.
> 0928313                                                  
>            .0392371
          6  |  -.0370669   .0310575    -1.19   0.233    -.
> 0979822                                                  
>            .0238484
          8  |  -.0708489   .0345787    -2.05   0.041    -.
> 1386705                                                  
>           -.0030273
          9  |  -.0398303   .0373008    -1.07   0.286    -.
> 1129911                                                  
>            .0333304
         10  |  -.0748147   .0597286    -1.25   0.211    -.
> 1919647                                                  
>            .0423353
         11  |  -.0487109   .0600512    -0.81   0.417    -.
> 1664935                                                  
>            .0690718
         12  |  -.0311539   .0314891    -0.99   0.323    -.
> 0929158                                                  
>             .030608
         13  |  -.0423647   .0325477    -1.30   0.193    -.
> 1062028                                                  
>            .0214734
         15  |  -.0639514   .0655576    -0.98   0.329    -.
> 1925342                                                  
>            .0646314
         16  |    .005785   .0358544     0.16   0.872    -.
> 0645389                                                  
>            .0761089
         17  |  -.0167399   .0315945    -0.53   0.596    -.
> 0787084                                                  
>            .0452287
         18  |   -.060274   .0357908    -1.68   0.092    -.
> 1304731                                                  
>            .0099251
         20  |  -.0398364   .0439974    -0.91   0.365    -.
> 1261316                                                  
>            .0464589
         21  |  -.0219594   .0392572    -0.56   0.576    -.
> 0989573                                                  
>            .0550384
         22  |  -.0347955   .0297376    -1.17   0.242     -
> .093122                                                  
>             .023531
         23  |  -.0735656   .0546696    -1.35   0.179    -.
> 1807929                                                  
>            .0336617
         24  |  -.0009314   .0331459    -0.03   0.978    -.
> 0659429                                                  
>            .0640801
         25  |  -.0347246   .0336723    -1.03   0.303    -.
> 1007685                                                  
>            .0313193
         26  |  -.0170756   .0338613    -0.50   0.614    -.
> 0834902                                                  
>            .0493391
         27  |  -.0360879   .0335455    -1.08   0.282     -
> .101883                                                  
>            .0297073
         29  |  -.0423857   .0368317    -1.15   0.250    -.
> 1146264                                                  
>             .029855
         31  |  -.0539075   .0539591    -1.00   0.318    -.
> 1597414                                                  
>            .0519264
         32  |  -.0670615   .0337636    -1.99   0.047    -.
> 1332844                                                  
>           -.0008386
         33  |  -.0234887   .0403829    -0.58   0.561    -.
> 1026945                                                  
>            .0557172
         34  |  -.0278885   .0330894    -0.84   0.399    -.
> 0927891                                                  
>            .0370121
         36  |  -.0262098    .030288    -0.87   0.387    -.
> 0856158                                                  
>            .0331962
         39  |  -.0257755   .0332562    -0.78   0.438    -.
> 0910033                                                  
>            .0394524
         41  |   -.038926   .0341516    -1.14   0.255    -.
> 1059099                                                  
>            .0280579
         42  |  -.0169158   .0311664    -0.54   0.587    -.
> 0780447                                                  
>            .0442131
         45  |  -.0267899   .0329956    -0.81   0.417    -.
> 0915065                                                  
>            .0379267
         47  |  -.0058028   .0366773    -0.16   0.874    -.
> 0777405                                                  
>            .0661349
         48  |  -.0157145   .0302717    -0.52   0.604    -.
> 0750885                                                  
>            .0436594
         49  |  -.0222633   .0358991    -0.62   0.535    -.
> 0926747                                                  
>            .0481482
         51  |  -.0365918   .0315311    -1.16   0.246     -
> .098436                                                  
>            .0252523
         53  |  -.0544825    .034168    -1.59   0.111    -.
> 1214986                                                  
>            .0125336
         55  |  -.0464012   .0325148    -1.43   0.154    -.
> 1101748                                                  
>            .0173723
             |
     sex_ref |   .0085427   .0047788     1.79   0.074    -.
> 0008303                                                  
>            .0179157
             |
    ref_race |
          2  |   -.014792   .0071019    -2.08   0.037    -.
> 0287214                                                  
>           -.0008626
          3  |  -.0343506   .0691757    -0.50   0.620    -.
> 1700297                                                  
>            .1013286
          4  |  -.0170601   .0100956    -1.69   0.091    -.
> 0368613                                                  
>            .0027411
          5  |   .0901947   .0385246     2.34   0.019     .
> 0146337                                                  
>            .1657556
          6  |  -.0271106   .0255993    -1.06   0.290    -.
> 0773203                                                  
>            .0230991
             |
     popsize |
          2  |   .0007425   .0097054     0.08   0.939    -.
> 0182934                                                  
>            .0197783
          3  |    .018573   .0156338     1.19   0.235    -.
> 0120907                                                  
>            .0492367
          4  |  -.0059289   .0078703    -0.75   0.451    -.
> 0213656                                                  
>            .0095078
             |
  highskill2 |   .0211657   .0049514     4.27   0.000     .
> 0114541                                                  
>            .0308773
       _cons |   .1296013   .0663456     1.95   0.051     -
> .000527                                                  
>            .2597296
-----------------------------------------------------------
> -------------------

. 
. 
. log close
      name:  <unnamed>
       log:  /home/nacho/Dropbox/BKR/Nacho/Data_Appendix/RE
> Stud/Table1/MonthlyResultsDiary.log
  log type:  text
 closed on:  24 Jun 2020, 16:07:13
-----------------------------------------------------------
