--------------------------------------------------------------------------------------------------------------------------------------------------------------------
      name:  <unnamed>
       log:  /home/nacho/Dropbox/BKR/Nacho/Data_Appendix/REStud/Table1/Table1results.log
  log type:  text
 opened on:  24 Jun 2020, 16:02:00

. 
end of do-file

. do "/tmp/SD91839.000000"

. 
. reg Hsect lincome [aw=finlwt21]
(sum of wgt is 277,309,075.307)

      Source |       SS           df       MS      Number of obs   =    14,903
-------------+----------------------------------   F(1, 14901)     =   2420.10
       Model |  12.4053755         1  12.4053755   Prob > F        =    0.0000
    Residual |  76.3822437    14,901  .005125981   R-squared       =    0.1397
-------------+----------------------------------   Adj R-squared   =    0.1397
       Total |  88.7876192    14,902  .005958101   Root MSE        =     .0716

------------------------------------------------------------------------------
       Hsect |      Coef.   Std. Err.      t    P>|t|     [95% Conf. Interval]
-------------+----------------------------------------------------------------
     lincome |   .0291408   .0005924    49.19   0.000     .0279797    .0303019
       _cons |  -.0735373   .0064126   -11.47   0.000    -.0861068   -.0609679
------------------------------------------------------------------------------

. reg Hsect lexpendituresa [aw=finlwt21]
(sum of wgt is 278,991,154.936)

      Source |       SS           df       MS      Number of obs   =    14,978
-------------+----------------------------------   F(1, 14976)     =   2915.96
       Model |  14.5974488         1  14.5974488   Prob > F        =    0.0000
    Residual |  74.9706403    14,976  .005006052   R-squared       =    0.1630
-------------+----------------------------------   Adj R-squared   =    0.1629
       Total |   89.568089    14,977  .005980376   Root MSE        =    .07075

--------------------------------------------------------------------------------
         Hsect |      Coef.   Std. Err.      t    P>|t|     [95% Conf. Interval]
---------------+----------------------------------------------------------------
lexpendituresa |   .0457485   .0008472    54.00   0.000     .0440879    .0474091
         _cons |  -.1458286   .0071818   -20.31   0.000    -.1599059   -.1317513
--------------------------------------------------------------------------------

. reg Hsect highskill2 [aw=finlwt21]
(sum of wgt is 88,064,361.125)

      Source |       SS           df       MS      Number of obs   =     4,679
-------------+----------------------------------   F(1, 4677)      =    465.12
       Model |    2.630807         1    2.630807   Prob > F        =    0.0000
    Residual |  26.4539148     4,677  .005656172   R-squared       =    0.0905
-------------+----------------------------------   Adj R-squared   =    0.0903
       Total |  29.0847218     4,678  .006217341   Root MSE        =    .07521

------------------------------------------------------------------------------
       Hsect |      Coef.   Std. Err.      t    P>|t|     [95% Conf. Interval]
-------------+----------------------------------------------------------------
  highskill2 |    .048607   .0022538    21.57   0.000     .0441885    .0530255
       _cons |   .2153915   .0014081   152.96   0.000     .2126309    .2181521
------------------------------------------------------------------------------

. 
. reg Hsect i.ref_mo age_ref age2 bls_urbn as_comp1 as_comp2 as_comp3 as_comp4 as_comp5 i.state sex_ref i.ref_race i.popsize  lincome [aw=finlwt21]
(sum of wgt is 240,004,966.64)

      Source |       SS           df       MS      Number of obs   =    13,144
-------------+----------------------------------   F(65, 13078)    =     48.36
       Model |  15.2088275        65  .233981962   Prob > F        =    0.0000
    Residual |  63.2705769    13,078   .00483794   R-squared       =    0.1938
-------------+----------------------------------   Adj R-squared   =    0.1898
       Total |  78.4794045    13,143  .005971194   Root MSE        =    .06956

------------------------------------------------------------------------------
       Hsect |      Coef.   Std. Err.      t    P>|t|     [95% Conf. Interval]
-------------+----------------------------------------------------------------
  ref_months |
          3  |    .002444   .0033158     0.74   0.461    -.0040554    .0089434
          4  |   .0062483   .0033853     1.85   0.065    -.0003875     .012884
          5  |   .0054794   .0027535     1.99   0.047     .0000822    .0108766
          6  |   .0061816   .0033239     1.86   0.063    -.0003338     .012697
          7  |   .0062517     .00336     1.86   0.063    -.0003343    .0128377
          8  |     .00205   .0027477     0.75   0.456    -.0033359    .0074359
          9  |   .0056331   .0033328     1.69   0.091    -.0008996    .0121658
         10  |   .0024574   .0033398     0.74   0.462    -.0040891     .009004
         11  |   .0002659   .0029253     0.09   0.928     -.005468    .0059998
             |
     age_ref |   .0036811   .0007767     4.74   0.000     .0021586    .0052037
        age2 |  -.0000368   9.74e-06    -3.77   0.000    -.0000559   -.0000177
    bls_urbn |   .0008154   .0087896     0.09   0.926    -.0164134    .0180442
    as_comp1 |  -.0038859    .000976    -3.98   0.000     -.005799   -.0019729
    as_comp2 |   -.004801   .0010046    -4.78   0.000    -.0067701   -.0028319
    as_comp3 |  -.0015786   .0009094    -1.74   0.083    -.0033613     .000204
    as_comp4 |  -.0027123   .0009424    -2.88   0.004    -.0045594   -.0008651
    as_comp5 |   .0141846   .0019235     7.37   0.000     .0104144    .0179549
             |
       state |
          2  |   .0081002   .0173583     0.47   0.641    -.0259245    .0421249
          4  |  -.0015525    .007264    -0.21   0.831    -.0157911     .012686
          6  |  -.0121099   .0065437    -1.85   0.064    -.0249364    .0007167
          8  |   .0149882   .0081267     1.84   0.065    -.0009413    .0309176
          9  |   .0125584   .0084626     1.48   0.138    -.0040295    .0291464
         10  |  -.0081554   .0117993    -0.69   0.489    -.0312838     .014973
         11  |   .0020698   .0122325     0.17   0.866    -.0219078    .0260473
         12  |  -.0029754   .0067385    -0.44   0.659    -.0161837     .010233
         13  |   .0102855   .0070647     1.46   0.145    -.0035624    .0241333
         15  |  -.0113358   .0116373    -0.97   0.330    -.0341467    .0114751
         16  |   .0335077   .0074291     4.51   0.000     .0189456    .0480698
         17  |   .0086109   .0068962     1.25   0.212    -.0049066    .0221284
         18  |   .0257011   .0078494     3.27   0.001     .0103151    .0410871
         20  |   .0310732   .0109667     2.83   0.005     .0095769    .0525696
         21  |   .0121952     .00826     1.48   0.140    -.0039956    .0283861
         22  |   .0160552   .0065934     2.44   0.015     .0031312    .0289791
         23  |   .0076086   .0099429     0.77   0.444    -.0118809    .0270982
         24  |   .0112179   .0076242     1.47   0.141    -.0037266    .0261624
         25  |   .0114733   .0074409     1.54   0.123    -.0031121    .0260586
         26  |   .0114135   .0074122     1.54   0.124    -.0031155    .0259426
         27  |   .0281969   .0080706     3.49   0.000     .0123775    .0440164
         29  |   .0241575   .0080875     2.99   0.003     .0083049    .0400102
         31  |   .0253892   .0084552     3.00   0.003     .0088158    .0419626
         32  |   .0037425   .0076834     0.49   0.626     -.011318     .018803
         33  |   .0072647   .0114265     0.64   0.525     -.015133    .0296624
         34  |   .0051573   .0070783     0.73   0.466    -.0087171    .0190317
         36  |  -.0183004   .0063698    -2.87   0.004    -.0307862   -.0058147
         39  |   .0015192   .0075644     0.20   0.841    -.0133082    .0163466
         41  |   .0147409   .0076572     1.93   0.054    -.0002683      .02975
         42  |   .0057548   .0067331     0.85   0.393     -.007443    .0189526
         45  |   .0227833   .0073172     3.11   0.002     .0084405     .037126
         47  |   .0132994   .0067455     1.97   0.049     .0000772    .0265217
         48  |   .0031257   .0062511     0.50   0.617    -.0091273    .0153788
         49  |   .0502301   .0077711     6.46   0.000     .0349976    .0654627
         51  |   .0100667    .006962     1.45   0.148    -.0035798    .0237133
         53  |   .0113827   .0077457     1.47   0.142       -.0038    .0265653
         54  |   .0100751   .0343103     0.29   0.769    -.0571781    .0773282
         55  |   .0044444    .007237     0.61   0.539    -.0097411    .0186299
             |
     sex_ref |  -.0019787    .001365    -1.45   0.147    -.0046544    .0006969
             |
    ref_race |
          2  |  -.0081703   .0018797    -4.35   0.000    -.0118548   -.0044858
          3  |  -.0102942   .0081839    -1.26   0.208    -.0263357    .0057474
          4  |   .0059458   .0026686     2.23   0.026     .0007151    .0111766
          5  |   .0141647   .0091347     1.55   0.121    -.0037406    .0320701
          6  |   -.004448   .0060611    -0.73   0.463    -.0163285    .0074326
             |
     popsize |
          2  |   .0010552   .0025113     0.42   0.674    -.0038672    .0059777
          3  |   .0113854   .0041067     2.77   0.006     .0033356    .0194352
          4  |   .0051336   .0022465     2.29   0.022     .0007302     .009537
             |
     lincome |    .029903   .0006652    44.95   0.000      .028599    .0312069
       _cons |  -.1684196   .0196985    -8.55   0.000    -.2070315   -.1298077
------------------------------------------------------------------------------

. reg Hsect i.ref_mo age_ref age2 bls_urbn as_comp1 as_comp2 as_comp3 as_comp4 as_comp5 i.state sex_ref i.ref_race i.popsize  lexpendituresa [aw=finlwt21]
(sum of wgt is 241,443,755.91)

      Source |       SS           df       MS      Number of obs   =    13,210
-------------+----------------------------------   F(65, 13144)    =     58.68
       Model |  17.7959425        65  .273783731   Prob > F        =    0.0000
    Residual |  61.3301866    13,144  .004666022   R-squared       =    0.2249
-------------+----------------------------------   Adj R-squared   =    0.2211
       Total |  79.1261291    13,209  .005990319   Root MSE        =    .06831

--------------------------------------------------------------------------------
         Hsect |      Coef.   Std. Err.      t    P>|t|     [95% Conf. Interval]
---------------+----------------------------------------------------------------
    ref_months |
            3  |   .0025363   .0032445     0.78   0.434    -.0038233    .0088959
            4  |   .0056172   .0033165     1.69   0.090    -.0008836     .012118
            5  |   .0056038   .0026957     2.08   0.038     .0003198    .0108878
            6  |   .0056313   .0032509     1.73   0.083    -.0007409    .0120035
            7  |   .0033135   .0032917     1.01   0.314    -.0031388    .0097658
            8  |   .0009017   .0026899     0.34   0.737    -.0043709    .0061743
            9  |   .0050771   .0032681     1.55   0.120     -.001329    .0114831
           10  |   .0023824   .0032683     0.73   0.466    -.0040239    .0087887
           11  |  -.0004757   .0028648    -0.17   0.868     -.006091    .0051397
               |
       age_ref |   .0041027   .0007599     5.40   0.000     .0026133    .0055922
          age2 |  -.0000456   9.53e-06    -4.79   0.000    -.0000643   -.0000269
      bls_urbn |  -.0075142   .0085927    -0.87   0.382    -.0243571    .0093286
      as_comp1 |  -.0063854   .0009609    -6.65   0.000    -.0082689    -.004502
      as_comp2 |  -.0072393   .0009902    -7.31   0.000    -.0091803   -.0052984
      as_comp3 |   -.005454   .0008963    -6.09   0.000    -.0072108   -.0036972
      as_comp4 |  -.0060703   .0009275    -6.55   0.000    -.0078882   -.0042524
      as_comp5 |   .0131301   .0018873     6.96   0.000     .0094306    .0168295
               |
         state |
            2  |  -.0028976   .0170552    -0.17   0.865    -.0363282     .030533
            4  |  -.0039413   .0071324    -0.55   0.581    -.0179219    .0100393
            6  |  -.0149757   .0064226    -2.33   0.020    -.0275648   -.0023865
            8  |   .0062028   .0079813     0.78   0.437    -.0094417    .0218473
            9  |   .0067099   .0083028     0.81   0.419    -.0095649    .0229846
           10  |  -.0106711   .0115915    -0.92   0.357     -.033392    .0120499
           11  |  -.0078631   .0120149    -0.65   0.513    -.0314141    .0156878
           12  |  -.0076933   .0066098    -1.16   0.244    -.0206495     .005263
           13  |    .009047   .0069305     1.31   0.192    -.0045379    .0226318
           15  |  -.0165266   .0113875    -1.45   0.147    -.0388477    .0057946
           16  |    .030557   .0072642     4.21   0.000     .0163181     .044796
           17  |    .003535    .006767     0.52   0.601    -.0097293    .0167992
           18  |   .0259569   .0076759     3.38   0.001     .0109109    .0410028
           20  |   .0265496   .0107726     2.46   0.014     .0054337    .0476655
           21  |    .012089   .0081117     1.49   0.136    -.0038112    .0279891
           22  |   .0090361   .0064664     1.40   0.162     -.003639    .0217112
           23  |  -.0019832   .0096883    -0.20   0.838    -.0209737    .0170074
           24  |   .0054033   .0074894     0.72   0.471    -.0092771    .0200836
           25  |   .0078981   .0073022     1.08   0.279    -.0064153    .0222116
           26  |   .0108298   .0072789     1.49   0.137    -.0034379    .0250975
           27  |   .0238974   .0079256     3.02   0.003      .008362    .0394328
           29  |    .023448   .0079423     2.95   0.003       .00788     .039016
           31  |   .0203571    .008304     2.45   0.014       .00408    .0366342
           32  |  -.0067064   .0075426    -0.89   0.374    -.0214909    .0080781
           33  |  -.0011112   .0112221    -0.10   0.921    -.0231082    .0208858
           34  |   .0025797   .0069497     0.37   0.710    -.0110426    .0162021
           36  |  -.0206882   .0062544    -3.31   0.001    -.0329477   -.0084288
           39  |   .0021648   .0074283     0.29   0.771    -.0123957    .0167253
           41  |   .0097162    .007513     1.29   0.196    -.0050103    .0244428
           42  |   .0029218   .0066091     0.44   0.658    -.0100329    .0158765
           45  |    .015899   .0071824     2.21   0.027     .0018204    .0299776
           47  |   .0108703   .0065978     1.65   0.099    -.0020622    .0238028
           48  |  -.0006753   .0061358    -0.11   0.912    -.0127025    .0113518
           49  |   .0435095   .0076318     5.70   0.000       .02855     .058469
           51  |   .0068887   .0068356     1.01   0.314    -.0065101    .0202875
           53  |   .0029255   .0076066     0.38   0.701    -.0119845    .0178356
           54  |   .0071464   .0337099     0.21   0.832    -.0589299    .0732227
           55  |   .0026012   .0071006     0.37   0.714     -.011317    .0165194
               |
       sex_ref |  -.0031372   .0013358    -2.35   0.019    -.0057555   -.0005189
               |
      ref_race |
            2  |  -.0045333   .0018487    -2.45   0.014    -.0081571   -.0009095
            3  |  -.0139346   .0078706    -1.77   0.077    -.0293621    .0014928
            4  |   .0077665   .0026191     2.97   0.003     .0026328    .0129002
            5  |   .0052196   .0089755     0.58   0.561    -.0123737    .0228129
            6  |  -.0031943   .0059547    -0.54   0.592    -.0148664    .0084779
               |
       popsize |
            2  |   .0039438   .0024643     1.60   0.110    -.0008865    .0087742
            3  |   .0109418   .0040279     2.72   0.007     .0030466    .0188371
            4  |   .0097196   .0022105     4.40   0.000     .0053866    .0140525
               |
lexpendituresa |   .0498058    .000972    51.24   0.000     .0479006    .0517111
         _cons |  -.2494745   .0196362   -12.70   0.000    -.2879644   -.2109846
--------------------------------------------------------------------------------

. 
. xi: ivreg Hsect i.ref_mo age_ref age2 bls_urbn as_comp1 as_comp2 as_comp3 as_comp4 as_comp5 i.state sex_ref i.ref_race i.popsize (lincome=high_edu)  [aw=finlwt21]
i.ref_months      _Iref_month_2-11    (naturally coded; _Iref_month_2 omitted)
i.state           _Istate_1-55        (naturally coded; _Istate_1 omitted)
i.ref_race        _Iref_race_1-6      (naturally coded; _Iref_race_1 omitted)
i.popsize         _Ipopsize_1-5       (naturally coded; _Ipopsize_1 omitted)
(sum of wgt is 240,004,966.64)

Instrumental variables (2SLS) regression

      Source |       SS           df       MS      Number of obs   =    13,144
-------------+----------------------------------   F(65, 13078)    =     32.25
       Model |  9.08909335        65  .139832205   Prob > F        =    0.0000
    Residual |  69.3903111    13,078  .005305881   R-squared       =    0.1158
-------------+----------------------------------   Adj R-squared   =    0.1114
       Total |  78.4794045    13,143  .005971194   Root MSE        =    .07284

--------------------------------------------------------------------------------
         Hsect |      Coef.   Std. Err.      t    P>|t|     [95% Conf. Interval]
---------------+----------------------------------------------------------------
       lincome |   .0535631   .0016359    32.74   0.000     .0503566    .0567697
 _Iref_month_3 |   .0028632   .0034725     0.82   0.410    -.0039435    .0096698
 _Iref_month_4 |   .0068755   .0035455     1.94   0.052    -.0000742    .0138252
 _Iref_month_5 |   .0058259   .0028837     2.02   0.043     .0001735    .0114783
 _Iref_month_6 |   .0064064    .003481     1.84   0.066    -.0004169    .0132296
 _Iref_month_7 |   .0068062   .0035189     1.93   0.053    -.0000914    .0137037
 _Iref_month_8 |   .0023243   .0028776     0.81   0.419    -.0033162    .0079647
 _Iref_month_9 |   .0048528   .0034906     1.39   0.164    -.0019892    .0116948
_Iref_month_10 |   .0029318   .0034978     0.84   0.402    -.0039243    .0097879
_Iref_month_11 |   .0008764   .0030637     0.29   0.775    -.0051289    .0068817
       age_ref |   .0017741   .0008221     2.16   0.031     .0001626    .0033856
          age2 |  -.0000144   .0000103    -1.40   0.161    -.0000346    5.76e-06
      bls_urbn |   .0123075   .0092328     1.33   0.183    -.0057902    .0304052
      as_comp1 |  -.0100721   .0010929    -9.22   0.000    -.0122143   -.0079299
      as_comp2 |  -.0098254    .001098    -8.95   0.000    -.0119776   -.0076732
      as_comp3 |  -.0023204   .0009535    -2.43   0.015    -.0041895   -.0004514
      as_comp4 |  -.0031197   .0009872    -3.16   0.002    -.0050547   -.0011846
      as_comp5 |   .0126996   .0020165     6.30   0.000     .0087471    .0166522
     _Istate_2 |   .0071684   .0181784     0.39   0.693     -.028464    .0428008
     _Istate_4 |   .0061393   .0076224     0.81   0.421    -.0088018    .0210804
     _Istate_6 |  -.0050462   .0068671    -0.73   0.462    -.0185066    .0084143
     _Istate_8 |   .0171771   .0085117     2.02   0.044     .0004929    .0338613
     _Istate_9 |   .0161711   .0088653     1.82   0.068    -.0012062    .0335484
    _Istate_10 |   -.006251   .0123574    -0.51   0.613    -.0304732    .0179712
    _Istate_11 |   .0092091   .0128182     0.72   0.473    -.0159165    .0343347
    _Istate_12 |     .00684   .0070835     0.97   0.334    -.0070447    .0207247
    _Istate_13 |   .0143023   .0074027     1.93   0.053    -.0002081    .0288128
    _Istate_15 |   -.013604    .012188    -1.12   0.264    -.0374942    .0102863
    _Istate_16 |   .0349315   .0077806     4.49   0.000     .0196804    .0501826
    _Istate_17 |   .0145057   .0072314     2.01   0.045     .0003311    .0286802
    _Istate_18 |   .0342537   .0082377     4.16   0.000     .0181067    .0504007
    _Istate_20 |   .0315226   .0114849     2.74   0.006     .0090106    .0540346
    _Istate_21 |   .0150165   .0086521     1.74   0.083    -.0019428    .0319758
    _Istate_22 |   .0201662   .0069097     2.92   0.004     .0066222    .0337101
    _Istate_23 |   .0145501   .0104217     1.40   0.163    -.0058781    .0349782
    _Istate_24 |   .0062946   .0079903     0.79   0.431    -.0093676    .0219568
    _Istate_25 |   .0135222   .0077936     1.74   0.083    -.0017543    .0287987
    _Istate_26 |    .019814   .0077802     2.55   0.011     .0045637    .0350643
    _Istate_27 |   .0278564   .0084519     3.30   0.001     .0112895    .0444233
    _Istate_29 |   .0279107   .0084728     3.29   0.001     .0113027    .0445187
    _Istate_31 |   .0286219    .008857     3.23   0.001      .011261    .0459829
    _Istate_32 |    .010786   .0080584     1.34   0.181    -.0050096    .0265817
    _Istate_33 |   .0165102   .0119804     1.38   0.168    -.0069731    .0399934
    _Istate_34 |   .0088706   .0074163     1.20   0.232    -.0056665    .0234077
    _Istate_36 |  -.0107061   .0066877    -1.60   0.109    -.0238149    .0024026
    _Istate_39 |   .0071933   .0079298     0.91   0.364    -.0083502    .0227368
    _Istate_41 |   .0222252   .0080326     2.77   0.006     .0064802    .0379702
    _Istate_42 |   .0094801    .007055     1.34   0.179    -.0043487     .023309
    _Istate_45 |   .0304372   .0076778     3.96   0.000     .0153875    .0454869
    _Istate_47 |   .0139592   .0070643     1.98   0.048     .0001121    .0278063
    _Istate_48 |   .0117882   .0065688     1.79   0.073    -.0010877     .024664
    _Istate_49 |   .0525656   .0081396     6.46   0.000     .0366108    .0685204
    _Istate_51 |   .0114345   .0072914     1.57   0.117    -.0028578    .0257267
    _Istate_53 |   .0133455   .0081125     1.65   0.100    -.0025563    .0292473
    _Istate_54 |   .0210314   .0359378     0.59   0.558     -.049412    .0914747
    _Istate_55 |   .0052906   .0075791     0.70   0.485    -.0095655    .0201467
       sex_ref |   .0013372   .0014445     0.93   0.355    -.0014942    .0041686
  _Iref_race_2 |  -.0006518   .0020239    -0.32   0.747     -.004619    .0033154
  _Iref_race_3 |  -.0078372   .0085719    -0.91   0.361    -.0246394     .008965
  _Iref_race_4 |   .0037216   .0027981     1.33   0.184    -.0017631    .0092063
  _Iref_race_5 |   .0165908   .0095675     1.73   0.083    -.0021629    .0353445
  _Iref_race_6 |   .0019538   .0063601     0.31   0.759    -.0105128    .0144204
   _Ipopsize_2 |   .0043841   .0026382     1.66   0.097    -.0007871    .0095553
   _Ipopsize_3 |   .0184523   .0043234     4.27   0.000     .0099778    .0269269
   _Ipopsize_4 |   .0100579   .0023727     4.24   0.000     .0054071    .0147087
   _Ipopsize_5 |          0  (omitted)
         _cons |  -.3990796   .0251749   -15.85   0.000     -.448426   -.3497332
--------------------------------------------------------------------------------
Instrumented:  lincome
Instruments:   _Iref_month_3 _Iref_month_4 _Iref_month_5 _Iref_month_6
               _Iref_month_7 _Iref_month_8 _Iref_month_9 _Iref_month_10
               _Iref_month_11 age_ref age2 bls_urbn as_comp1 as_comp2 as_comp3
               as_comp4 as_comp5 _Istate_2 _Istate_4 _Istate_6 _Istate_8
               _Istate_9 _Istate_10 _Istate_11 _Istate_12 _Istate_13
               _Istate_15 _Istate_16 _Istate_17 _Istate_18 _Istate_20
               _Istate_21 _Istate_22 _Istate_23 _Istate_24 _Istate_25
               _Istate_26 _Istate_27 _Istate_29 _Istate_31 _Istate_32
               _Istate_33 _Istate_34 _Istate_36 _Istate_39 _Istate_41
               _Istate_42 _Istate_45 _Istate_47 _Istate_48 _Istate_49
               _Istate_51 _Istate_53 _Istate_54 _Istate_55 sex_ref
               _Iref_race_2 _Iref_race_3 _Iref_race_4 _Iref_race_5
               _Iref_race_6 _Ipopsize_2 _Ipopsize_3 _Ipopsize_4 _Ipopsize_5
               high_edu
--------------------------------------------------------------------------------

. xi: ivreg Hsect i.ref_mo age_ref age2 bls_urbn as_comp1 as_comp2 as_comp3 as_comp4 as_comp5 i.state sex_ref i.ref_race i.popsize (lexpendituresa=high_edu) [aw=fin
> lwt21] 
i.ref_months      _Iref_month_2-11    (naturally coded; _Iref_month_2 omitted)
i.state           _Istate_1-55        (naturally coded; _Istate_1 omitted)
i.ref_race        _Iref_race_1-6      (naturally coded; _Iref_race_1 omitted)
i.popsize         _Ipopsize_1-5       (naturally coded; _Ipopsize_1 omitted)
(sum of wgt is 241,443,755.91)

Instrumental variables (2SLS) regression

      Source |       SS           df       MS      Number of obs   =    13,210
-------------+----------------------------------   F(65, 13144)    =     34.27
       Model |  12.9965202        65  .199946465   Prob > F        =    0.0000
    Residual |  66.1296089    13,144  .005031163   R-squared       =    0.1643
-------------+----------------------------------   Adj R-squared   =    0.1601
       Total |  79.1261291    13,209  .005990319   Root MSE        =    .07093

--------------------------------------------------------------------------------
         Hsect |      Coef.   Std. Err.      t    P>|t|     [95% Conf. Interval]
---------------+----------------------------------------------------------------
lexpendituresa |   .0809798   .0024141    33.54   0.000     .0762478    .0857118
 _Iref_month_3 |   .0027619   .0033691     0.82   0.412    -.0038419    .0093658
 _Iref_month_4 |   .0056402   .0034438     1.64   0.101    -.0011101    .0123906
 _Iref_month_5 |   .0059168   .0027993     2.11   0.035     .0004297    .0114038
 _Iref_month_6 |    .005579   .0033757     1.65   0.098    -.0010379    .0121959
 _Iref_month_7 |   .0019563   .0034195     0.57   0.567    -.0047463     .008659
 _Iref_month_8 |   .0004893   .0027933     0.18   0.861     -.004986    .0059646
 _Iref_month_9 |   .0041387   .0033943     1.22   0.223    -.0025145    .0107919
_Iref_month_10 |   .0025362   .0033938     0.75   0.455    -.0041161    .0091884
_Iref_month_11 |  -.0003709   .0029747    -0.12   0.901    -.0062018      .00546
       age_ref |   .0029279   .0007934     3.69   0.000     .0013728     .004483
          age2 |  -.0000344   9.93e-06    -3.46   0.001    -.0000538   -.0000149
      bls_urbn |  -.0042699   .0089255    -0.48   0.632    -.0217651    .0132253
      as_comp1 |  -.0128138   .0010955   -11.70   0.000    -.0149611   -.0106665
      as_comp2 |  -.0127683   .0010993   -11.61   0.000    -.0149231   -.0106134
      as_comp3 |  -.0084278   .0009539    -8.84   0.000    -.0102975    -.006558
      as_comp4 |   -.008583   .0009791    -8.77   0.000    -.0105023   -.0066638
      as_comp5 |   .0110892    .001965     5.64   0.000     .0072374    .0149409
     _Istate_2 |  -.0105024    .017718    -0.59   0.553    -.0452322    .0242275
     _Istate_4 |   .0009033   .0074141     0.12   0.903    -.0136294    .0154359
     _Istate_6 |  -.0106769    .006676    -1.60   0.110    -.0237628    .0024091
     _Istate_8 |   .0028521   .0082911     0.34   0.731    -.0133996    .0191038
     _Istate_9 |   .0054736    .008622     0.63   0.526    -.0114269     .022374
    _Istate_10 |  -.0104669   .0120365    -0.87   0.385    -.0340602    .0131263
    _Istate_11 |  -.0081813   .0124762    -0.66   0.512    -.0326364    .0162738
    _Istate_12 |  -.0024198   .0068736    -0.35   0.725    -.0158931    .0110535
    _Istate_13 |   .0108915   .0071978     1.51   0.130    -.0032172    .0250002
    _Istate_15 |  -.0219502   .0118308    -1.86   0.064    -.0451403      .00124
    _Istate_16 |   .0296466   .0075434     3.93   0.000     .0148605    .0444327
    _Istate_17 |   .0052136   .0070278     0.74   0.458    -.0085618    .0189891
    _Istate_18 |   .0325779   .0079842     4.08   0.000     .0169277    .0482282
    _Istate_20 |   .0245192   .0111871     2.19   0.028     .0025908    .0464475
    _Istate_21 |   .0146652   .0084251     1.74   0.082    -.0018492    .0311795
    _Istate_22 |   .0075872   .0067154     1.13   0.259     -.005576    .0207504
    _Istate_23 |   -.001792   .0100603    -0.18   0.859    -.0215117    .0179276
    _Istate_24 |  -.0017684   .0077933    -0.23   0.820    -.0170444    .0135076
    _Istate_25 |   .0071506   .0075828     0.94   0.346    -.0077127    .0220139
    _Istate_26 |   .0173608   .0075723     2.29   0.022      .002518    .0322036
    _Istate_27 |   .0213685   .0082318     2.60   0.009     .0052329    .0375041
    _Istate_29 |   .0263673   .0082497     3.20   0.001     .0101967     .042538
    _Istate_31 |   .0199387   .0086229     2.31   0.021     .0030366    .0368408
    _Istate_32 |  -.0072887   .0078322    -0.93   0.352     -.022641    .0080636
    _Istate_33 |   .0012036   .0116541     0.10   0.918    -.0216401    .0240473
    _Istate_34 |   .0040798   .0072172     0.57   0.572     -.010067    .0182266
    _Istate_36 |  -.0159648    .006503    -2.46   0.014    -.0287116   -.0032181
    _Istate_39 |    .007412   .0077223     0.96   0.337    -.0077248    .0225488
    _Istate_41 |   .0127437   .0078043     1.63   0.103    -.0025539    .0280413
    _Istate_42 |   .0044219   .0068636     0.64   0.519    -.0090317    .0178756
    _Istate_45 |   .0177781   .0074593     2.38   0.017     .0031567    .0323995
    _Istate_47 |   .0103671   .0068511     1.51   0.130    -.0030621    .0237964
    _Istate_48 |   .0040408     .00638     0.63   0.527    -.0084649    .0165466
    _Istate_49 |   .0413051   .0079263     5.21   0.000     .0257684    .0568419
    _Istate_51 |   .0061532   .0070982     0.87   0.386    -.0077604    .0200667
    _Istate_53 |  -.0004575   .0079022    -0.06   0.954     -.015947     .015032
    _Istate_54 |   .0141831   .0350076     0.41   0.685    -.0544368    .0828029
    _Istate_55 |   .0026222   .0073732     0.36   0.722    -.0118304    .0170747
       sex_ref |  -.0010651   .0013947    -0.76   0.445    -.0037989    .0016687
  _Iref_race_2 |   .0036969   .0020051     1.84   0.065    -.0002335    .0076272
  _Iref_race_3 |  -.0123829   .0081734    -1.52   0.130     -.028404    .0036382
  _Iref_race_4 |   .0071959   .0027199     2.65   0.008     .0018645    .0125273
  _Iref_race_5 |   .0015242   .0093237     0.16   0.870    -.0167516       .0198
  _Iref_race_6 |   .0027027   .0061972     0.44   0.663    -.0094448    .0148502
   _Ipopsize_2 |   .0082474   .0025767     3.20   0.001     .0031966    .0132982
   _Ipopsize_3 |    .016504   .0042008     3.93   0.000     .0082699    .0247382
   _Ipopsize_4 |     .01661    .002346     7.08   0.000     .0120115    .0212085
   _Ipopsize_5 |          0  (omitted)
         _cons |  -.4838027   .0262199   -18.45   0.000    -.5351975   -.4324078
--------------------------------------------------------------------------------
Instrumented:  lexpendituresa
Instruments:   _Iref_month_3 _Iref_month_4 _Iref_month_5 _Iref_month_6
               _Iref_month_7 _Iref_month_8 _Iref_month_9 _Iref_month_10
               _Iref_month_11 age_ref age2 bls_urbn as_comp1 as_comp2 as_comp3
               as_comp4 as_comp5 _Istate_2 _Istate_4 _Istate_6 _Istate_8
               _Istate_9 _Istate_10 _Istate_11 _Istate_12 _Istate_13
               _Istate_15 _Istate_16 _Istate_17 _Istate_18 _Istate_20
               _Istate_21 _Istate_22 _Istate_23 _Istate_24 _Istate_25
               _Istate_26 _Istate_27 _Istate_29 _Istate_31 _Istate_32
               _Istate_33 _Istate_34 _Istate_36 _Istate_39 _Istate_41
               _Istate_42 _Istate_45 _Istate_47 _Istate_48 _Istate_49
               _Istate_51 _Istate_53 _Istate_54 _Istate_55 sex_ref
               _Iref_race_2 _Iref_race_3 _Iref_race_4 _Iref_race_5
               _Iref_race_6 _Ipopsize_2 _Ipopsize_3 _Ipopsize_4 _Ipopsize_5
               high_edu
--------------------------------------------------------------------------------

. 
. 
. reg Hsect i.ref_mo age_ref age2 bls_urbn as_comp1 as_comp2 as_comp3 as_comp4 as_comp5 i.state sex_ref i.ref_race i.popsize  highskill2 [aw=finlwt21]
(sum of wgt is 74,736,875.468)

      Source |       SS           df       MS      Number of obs   =     4,056
-------------+----------------------------------   F(65, 3990)     =     13.49
       Model |  4.55490995        65  .070075538   Prob > F        =    0.0000
    Residual |  20.7213142     3,990  .005193312   R-squared       =    0.1802
-------------+----------------------------------   Adj R-squared   =    0.1669
       Total |  25.2762242     4,055  .006233348   Root MSE        =    .07206

------------------------------------------------------------------------------
       Hsect |      Coef.   Std. Err.      t    P>|t|     [95% Conf. Interval]
-------------+----------------------------------------------------------------
  ref_months |
          3  |   .0030665   .0063247     0.48   0.628    -.0093335    .0154665
          4  |    .008254   .0063813     1.29   0.196    -.0042569    .0207648
          5  |   .0100507   .0052351     1.92   0.055     -.000213    .0203145
          6  |   .0084973   .0062801     1.35   0.176    -.0038153    .0208099
          7  |   .0040048   .0063319     0.63   0.527    -.0084092    .0164189
          8  |    .006135   .0052486     1.17   0.243    -.0041552    .0164251
          9  |   .0071122   .0062569     1.14   0.256    -.0051549    .0193793
         10  |   .0012605   .0062528     0.20   0.840    -.0109984    .0135195
         11  |   .0062393   .0055938     1.12   0.265    -.0047277    .0172062
             |
     age_ref |   .0051202   .0014733     3.48   0.001     .0022318    .0080086
        age2 |  -.0000492   .0000184    -2.68   0.007    -.0000853   -.0000132
    bls_urbn |    .002955   .0143563     0.21   0.837    -.0251915    .0311015
    as_comp1 |   .0010587   .0018511     0.57   0.567    -.0025705    .0046879
    as_comp2 |   .0021569   .0019486     1.11   0.268    -.0016633    .0059772
    as_comp3 |  -.0026235   .0016878    -1.55   0.120    -.0059326    .0006857
    as_comp4 |   .0014328    .001757     0.82   0.415     -.002012    .0048775
    as_comp5 |   .0109913   .0036629     3.00   0.003       .00381    .0181726
             |
       state |
          2  |   .0243389   .0378594     0.64   0.520    -.0498867    .0985645
          4  |   .0000988   .0145621     0.01   0.995     -.028451    .0286486
          6  |   .0007127   .0133122     0.05   0.957    -.0253867    .0268121
          8  |   .0352722    .015979     2.21   0.027     .0039445    .0665999
          9  |   .0078347   .0159575     0.49   0.623    -.0234509    .0391203
         10  |  -.0387347     .02904    -1.33   0.182    -.0956694    .0181999
         11  |  -.0227655   .0226988    -1.00   0.316    -.0672679    .0217369
         12  |  -.0168139   .0135216    -1.24   0.214    -.0433238     .009696
         13  |   .0207406   .0144759     1.43   0.152    -.0076402    .0491215
         15  |  -.0192361   .0260578    -0.74   0.460     -.070324    .0318517
         16  |   .0494833   .0150288     3.29   0.001     .0200184    .0789481
         17  |   .0127219    .013738     0.93   0.354    -.0142122     .039656
         18  |   .0615481   .0156005     3.95   0.000     .0309625    .0921338
         20  |    .033585   .0220571     1.52   0.128    -.0096593    .0768293
         21  |   .0180183   .0163143     1.10   0.269    -.0139668    .0500035
         22  |   .0145059   .0130211     1.11   0.265    -.0110228    .0400345
         23  |  -.0106901   .0189052    -0.57   0.572    -.0477549    .0263747
         24  |   .0304308   .0148801     2.05   0.041     .0012575    .0596041
         25  |    .015225   .0144742     1.05   0.293    -.0131526    .0436026
         26  |   .0064571   .0147686     0.44   0.662    -.0224976    .0354119
         27  |   .0377821   .0164528     2.30   0.022     .0055253    .0700389
         29  |   .0370181   .0165172     2.24   0.025     .0046351     .069401
         31  |   .0053626   .0175518     0.31   0.760    -.0290488     .039774
         32  |  -.0009635   .0152842    -0.06   0.950    -.0309292    .0290021
         33  |  -.0023944   .0217332    -0.11   0.912    -.0450036    .0402148
         34  |   .0031354   .0141351     0.22   0.824    -.0245773    .0308481
         36  |  -.0147444   .0127565    -1.16   0.248    -.0397542    .0102654
         39  |  -.0001129   .0149286    -0.01   0.994    -.0293813    .0291556
         41  |   .0115557   .0153026     0.76   0.450    -.0184459    .0415573
         42  |   .0204927   .0133864     1.53   0.126    -.0057521    .0467376
         45  |   .0018214   .0143366     0.13   0.899    -.0262863    .0299292
         47  |   .0151722   .0138083     1.10   0.272    -.0118998    .0422442
         48  |   .0065128   .0127664     0.51   0.610    -.0185165    .0315421
         49  |   .0355623   .0157837     2.25   0.024     .0046175    .0665071
         51  |   .0088992   .0138309     0.64   0.520    -.0182171    .0360154
         53  |   .0205876   .0151651     1.36   0.175    -.0091445    .0503197
         54  |   .0853864   .0468553     1.82   0.068    -.0064761     .177249
         55  |   .0012838   .0143512     0.09   0.929    -.0268525    .0294201
             |
     sex_ref |  -.0044654   .0025826    -1.73   0.084    -.0095287    .0005978
             |
    ref_race |
          2  |  -.0177608   .0034542    -5.14   0.000    -.0245331   -.0109886
          3  |   -.007793   .0168371    -0.46   0.643    -.0408031    .0252171
          4  |   -.008234    .004869    -1.69   0.091    -.0177799     .001312
          5  |    .051106    .020682     2.47   0.014     .0105577    .0916542
          6  |  -.0339549   .0133817    -2.54   0.011    -.0601904   -.0077193
             |
     popsize |
          2  |  -.0098521   .0047658    -2.07   0.039    -.0191957   -.0005086
          3  |   .0183302   .0082172     2.23   0.026     .0022199    .0344405
          4  |   .0010155   .0040857     0.25   0.804    -.0069947    .0090258
             |
  highskill2 |   .0473778   .0024803    19.10   0.000      .042515    .0522406
       _cons |   .0807645   .0343935     2.35   0.019     .0133341     .148195
------------------------------------------------------------------------------

. reg Hsect i.ref_mo age_ref age2 bls_urbn as_comp1 as_comp2 as_comp3 as_comp4 as_comp5 i.state sex_ref i.ref_race highskill1 [aw=finlwt21]
(sum of wgt is 241,443,755.91)

      Source |       SS           df       MS      Number of obs   =    13,210
-------------+----------------------------------   F(62, 13147)    =     20.82
       Model |   7.0753053        62  .114117827   Prob > F        =    0.0000
    Residual |  72.0508238    13,147    .0054804   R-squared       =    0.0894
-------------+----------------------------------   Adj R-squared   =    0.0851
       Total |  79.1261291    13,209  .005990319   Root MSE        =    .07403

------------------------------------------------------------------------------
       Hsect |      Coef.   Std. Err.      t    P>|t|     [95% Conf. Interval]
-------------+----------------------------------------------------------------
  ref_months |
          3  |    .001276   .0035162     0.36   0.717    -.0056162    .0081683
          4  |   .0050263   .0035937     1.40   0.162    -.0020179    .0120705
          5  |    .004659   .0029214     1.59   0.111    -.0010674    .0103853
          6  |   .0049554    .003523     1.41   0.160    -.0019502    .0118611
          7  |    .005233   .0035665     1.47   0.142    -.0017579    .0122238
          8  |   .0006851   .0029149     0.24   0.814    -.0050286    .0063988
          9  |   .0048555    .003543     1.37   0.171    -.0020893    .0118003
         10  |   .0015618   .0035415     0.44   0.659    -.0053802    .0085037
         11  |  -.0012778   .0031047    -0.41   0.681    -.0073633    .0048078
             |
     age_ref |    .005286   .0008224     6.43   0.000      .003674     .006898
        age2 |  -.0000551   .0000103    -5.34   0.000    -.0000753   -.0000349
    bls_urbn |  -.0065511   .0090035    -0.73   0.467    -.0241992    .0110971
    as_comp1 |   .0038618   .0010179     3.79   0.000     .0018666     .005857
    as_comp2 |   .0014468   .0010566     1.37   0.171    -.0006242    .0035178
    as_comp3 |  -.0005114   .0009658    -0.53   0.596    -.0024045    .0013817
    as_comp4 |  -.0017579   .0010013    -1.76   0.079    -.0037206    .0002047
    as_comp5 |   .0147692   .0020453     7.22   0.000     .0107602    .0187782
             |
       state |
          2  |   .0056803   .0179077     0.32   0.751    -.0294213     .040782
          4  |  -.0165855   .0063353    -2.62   0.009    -.0290035   -.0041674
          6  |   -.025197   .0054673    -4.61   0.000    -.0359137   -.0144803
          8  |   .0037829   .0073476     0.51   0.607    -.0106195    .0181853
          9  |   .0018689   .0078642     0.24   0.812     -.013546    .0172837
         10  |  -.0146643    .011771    -1.25   0.213    -.0377372    .0084086
         11  |  -.0179934   .0122866    -1.46   0.143    -.0420769      .00609
         12  |  -.0207899   .0056244    -3.70   0.000    -.0318145   -.0097654
         13  |   .0023476   .0061613     0.38   0.703    -.0097294    .0144247
         15  |  -.0072323   .0123398    -0.59   0.558    -.0314201    .0169555
         16  |   .0259638   .0064066     4.05   0.000     .0134059    .0385217
         17  |  -.0035056   .0059523    -0.59   0.556    -.0151729    .0081617
         18  |   .0132729   .0070424     1.88   0.059    -.0005312     .027077
         20  |   .0202825   .0107451     1.89   0.059    -.0007793    .0413444
         21  |   .0006283   .0075131     0.08   0.933    -.0140984    .0153551
         22  |   .0089628   .0065492     1.37   0.171    -.0038745    .0218002
         23  |  -.0065712   .0094786    -0.69   0.488    -.0251505    .0120081
         24  |   .0075074   .0069056     1.09   0.277    -.0060284    .0210433
         25  |   .0021164   .0065876     0.32   0.748    -.0107963    .0150291
         26  |  -.0041031   .0066025    -0.62   0.534    -.0170449    .0088388
         27  |    .018626   .0072775     2.56   0.010     .0043611    .0328909
         29  |   .0115344   .0072989     1.58   0.114    -.0027724    .0258413
         31  |   .0128366   .0077543     1.66   0.098    -.0023629     .028036
         32  |  -.0119103   .0067792    -1.76   0.079    -.0251985    .0013778
         33  |   -.008732   .0113427    -0.77   0.441    -.0309653    .0135013
         34  |  -.0052721   .0061313    -0.86   0.390    -.0172904    .0067462
         36  |  -.0340405   .0057391    -5.93   0.000      -.04529   -.0227909
         39  |  -.0126092   .0066983    -1.88   0.060    -.0257388    .0005204
         41  |   -.002881   .0068375    -0.42   0.674    -.0162834    .0105214
         42  |  -.0044702   .0056918    -0.79   0.432    -.0156268    .0066865
         45  |   .0078096   .0063023     1.24   0.215    -.0045438     .020163
         47  |   .0111014   .0071502     1.55   0.121    -.0029141    .0251168
         48  |  -.0110253   .0054754    -2.01   0.044     -.021758   -.0002927
         49  |   .0405161   .0068973     5.87   0.000     .0269964    .0540358
         51  |   .0012166   .0060459     0.20   0.841    -.0106342    .0130674
         53  |   .0010486   .0068646     0.15   0.879    -.0124071    .0145042
         54  |  -.0030042   .0362699    -0.08   0.934    -.0740985    .0680901
         55  |  -.0061316   .0063122    -0.97   0.331    -.0185045    .0062413
             |
     sex_ref |  -.0059309   .0014462    -4.10   0.000    -.0087657    -.003096
             |
    ref_race |
          2  |   -.016576   .0019776    -8.38   0.000    -.0204523   -.0126997
          3  |  -.0176813   .0085291    -2.07   0.038    -.0343996    -.000963
          4  |   .0033355   .0028459     1.17   0.241    -.0022428    .0089139
          5  |   .0116985   .0097263     1.20   0.229    -.0073665    .0307635
          6  |  -.0120122   .0064492    -1.86   0.063    -.0246536    .0006292
             |
  highskill1 |   .0290439   .0017327    16.76   0.000     .0256477    .0324402
       _cons |   .1314998   .0191498     6.87   0.000     .0939635    .1690361
------------------------------------------------------------------------------

. 
. summ totalexpa, detail

                          totalexpa
-------------------------------------------------------------
      Percentiles      Smallest
 1%          984       56.33333
 5%         1604       122.6667
10%     2010.567            200       Obs              14,978
25%     2985.167       252.3333       Sum of Wgt.      14,978

50%     4666.833                      Mean           6055.756
                        Largest       Std. Dev.      5438.211
75%     7202.083       82097.14
90%        10872       84037.84       Variance       2.96e+07
95%     15361.69       90064.99       Skewness       4.232372
99%        28632       98822.76       Kurtosis       36.43351

. summ lexpendituresa, detail

                       lexpendituresa
-------------------------------------------------------------
      Percentiles      Smallest
 1%     6.891626       4.031286
 5%     7.380256       4.809471
10%     7.606172       5.298317       Obs              14,978
25%      8.00141       5.530751       Sum of Wgt.      14,978

50%     8.448236                      Mean            8.45708
                        Largest       Std. Dev.      .6888492
75%     8.882126       11.31566
90%     9.293946       11.33902       Variance       .4745132
95%     9.639632       11.40829       Skewness       .1592229
99%     10.26228       11.50108       Kurtosis       3.686976

. 
. log close
      name:  <unnamed>
       log:  /home/nacho/Dropbox/BKR/Nacho/Data_Appendix/REStud/Table1/Table1results.log
  log type:  text
 closed on:  24 Jun 2020, 16:02:05
--------------------------------------------------------------------------------------------------------------------------------------------------------------------
